This is pdfTeX, Version 3.14159265-2.6-1.40.19 (MiKTeX 2.9.6630 64-bit) (preloaded format=pdflatex 2018.4.19)  3 MAY 2018 00:08
entering extended mode
**./Savvysherpa-05-03-18.tex
(Savvysherpa-05-03-18.tex
LaTeX2e <2017-04-15>
Babel <3.18> and hyphenation patterns for 75 language(s) loaded.
("C:\Study\MiKTeX 2.9\tex\latex\beamer\beamer.cls"
Document Class: beamer 2018/02/20 v3.50 A class for typesetting presentations
("C:\Study\MiKTeX 2.9\tex\latex\beamer\beamerbasemodes.sty"
("C:\Study\MiKTeX 2.9\tex\latex\etoolbox\etoolbox.sty"
Package: etoolbox 2018/02/11 v2.5e e-TeX tools for LaTeX (JAW)
\etb@tempcnta=\count79
)
\beamer@tempbox=\box26
\beamer@tempcount=\count80
\c@beamerpauses=\count81

("C:\Study\MiKTeX 2.9\tex\latex\beamer\beamerbasedecode.sty"
\beamer@slideinframe=\count82
\beamer@minimum=\count83
)
\beamer@commentbox=\box27
\beamer@modecount=\count84
)
("C:\Study\MiKTeX 2.9\tex\generic\oberdiek\ifpdf.sty"
Package: ifpdf 2017/03/15 v3.2 Provides the ifpdf switch
)
\headdp=\dimen102
\footheight=\dimen103
\sidebarheight=\dimen104
\beamer@tempdim=\dimen105
\beamer@finalheight=\dimen106
\beamer@animht=\dimen107
\beamer@animdp=\dimen108
\beamer@animwd=\dimen109
\beamer@leftmargin=\dimen110
\beamer@rightmargin=\dimen111
\beamer@leftsidebar=\dimen112
\beamer@rightsidebar=\dimen113
\beamer@boxsize=\dimen114
\beamer@vboxoffset=\dimen115
\beamer@descdefault=\dimen116
\beamer@descriptionwidth=\dimen117
\beamer@lastskip=\skip41
\beamer@areabox=\box28
\beamer@animcurrent=\box29
\beamer@animshowbox=\box30
\beamer@sectionbox=\box31
\beamer@logobox=\box32
\beamer@linebox=\box33
\beamer@sectioncount=\count85
\beamer@subsubsectionmax=\count86
\beamer@subsectionmax=\count87
\beamer@sectionmax=\count88
\beamer@totalheads=\count89
\beamer@headcounter=\count90
\beamer@partstartpage=\count91
\beamer@sectionstartpage=\count92
\beamer@subsectionstartpage=\count93
\beamer@animationtempa=\count94
\beamer@animationtempb=\count95
\beamer@xpos=\count96
\beamer@ypos=\count97
\beamer@ypos@offset=\count98
\beamer@showpartnumber=\count99
\beamer@currentsubsection=\count100
\beamer@coveringdepth=\count101
\beamer@sectionadjust=\count102
\beamer@tocsectionnumber=\count103

("C:\Study\MiKTeX 2.9\tex\latex\beamer\beamerbaseoptions.sty"
("C:\Study\MiKTeX 2.9\tex\latex\graphics\keyval.sty"
Package: keyval 2014/10/28 v1.15 key=value parser (DPC)
\KV@toks@=\toks14
))
\beamer@paperwidth=\skip42
\beamer@paperheight=\skip43

("C:\Study\MiKTeX 2.9\tex\latex\geometry\geometry.sty"
Package: geometry 2010/09/12 v5.6 Page Geometry

("C:\Study\MiKTeX 2.9\tex\generic\oberdiek\ifvtex.sty"
Package: ifvtex 2016/05/16 v1.6 Detect VTeX and its facilities (HO)
Package ifvtex Info: VTeX not detected.
)
("C:\Study\MiKTeX 2.9\tex\generic\ifxetex\ifxetex.sty"
Package: ifxetex 2010/09/12 v0.6 Provides ifxetex conditional
)
\Gm@cnth=\count104
\Gm@cntv=\count105
\c@Gm@tempcnt=\count106
\Gm@bindingoffset=\dimen118
\Gm@wd@mp=\dimen119
\Gm@odd@mp=\dimen120
\Gm@even@mp=\dimen121
\Gm@layoutwidth=\dimen122
\Gm@layoutheight=\dimen123
\Gm@layouthoffset=\dimen124
\Gm@layoutvoffset=\dimen125
\Gm@dimlist=\toks15

("C:\Study\MiKTeX 2.9\tex\latex\geometry\geometry.cfg"))
("C:\Study\MiKTeX 2.9\tex\latex\base\size10.clo"
File: size10.clo 2014/09/29 v1.4h Standard LaTeX file (size option)
)
("C:\Study\MiKTeX 2.9\tex\latex\pgf\basiclayer\pgfcore.sty"
("C:\Study\MiKTeX 2.9\tex\latex\graphics\graphicx.sty"
Package: graphicx 2017/06/01 v1.1a Enhanced LaTeX Graphics (DPC,SPQR)

("C:\Study\MiKTeX 2.9\tex\latex\graphics\graphics.sty"
Package: graphics 2017/06/25 v1.2c Standard LaTeX Graphics (DPC,SPQR)

("C:\Study\MiKTeX 2.9\tex\latex\graphics\trig.sty"
Package: trig 2016/01/03 v1.10 sin cos tan (DPC)
)
("C:\Study\MiKTeX 2.9\tex\latex\graphics-cfg\graphics.cfg"
File: graphics.cfg 2016/06/04 v1.11 sample graphics configuration
)
Package graphics Info: Driver file: pdftex.def on input line 99.

("C:\Study\MiKTeX 2.9\tex\latex\graphics-def\pdftex.def"
File: pdftex.def 2018/01/08 v1.0l Graphics/color driver for pdftex
))
\Gin@req@height=\dimen126
\Gin@req@width=\dimen127
)
("C:\Study\MiKTeX 2.9\tex\latex\pgf\systemlayer\pgfsys.sty"
("C:\Study\MiKTeX 2.9\tex\latex\pgf\utilities\pgfrcs.sty"
("C:\Study\MiKTeX 2.9\tex\generic\pgf\utilities\pgfutil-common.tex"
\pgfutil@everybye=\toks16
\pgfutil@tempdima=\dimen128
\pgfutil@tempdimb=\dimen129

("C:\Study\MiKTeX 2.9\tex\generic\pgf\utilities\pgfutil-common-lists.tex"))
("C:\Study\MiKTeX 2.9\tex\generic\pgf\utilities\pgfutil-latex.def"
\pgfutil@abb=\box34

("C:\Study\MiKTeX 2.9\tex\latex\ms\everyshi.sty"
Package: everyshi 2001/05/15 v3.00 EveryShipout Package (MS)
))
("C:\Study\MiKTeX 2.9\tex\generic\pgf\utilities\pgfrcs.code.tex"
Package: pgfrcs 2015/08/07 v3.0.1a (rcs-revision 1.31)
))
("C:\Study\MiKTeX 2.9\tex\generic\pgf\systemlayer\pgfsys.code.tex"
Package: pgfsys 2014/07/09 v3.0.1a (rcs-revision 1.48)

("C:\Study\MiKTeX 2.9\tex\generic\pgf\utilities\pgfkeys.code.tex"
\pgfkeys@pathtoks=\toks17
\pgfkeys@temptoks=\toks18

("C:\Study\MiKTeX 2.9\tex\generic\pgf\utilities\pgfkeysfiltered.code.tex"
\pgfkeys@tmptoks=\toks19
))
\pgf@x=\dimen130
\pgf@y=\dimen131
\pgf@xa=\dimen132
\pgf@ya=\dimen133
\pgf@xb=\dimen134
\pgf@yb=\dimen135
\pgf@xc=\dimen136
\pgf@yc=\dimen137
\w@pgf@writea=\write3
\r@pgf@reada=\read1
\c@pgf@counta=\count107
\c@pgf@countb=\count108
\c@pgf@countc=\count109
\c@pgf@countd=\count110
\t@pgf@toka=\toks20
\t@pgf@tokb=\toks21
\t@pgf@tokc=\toks22

("C:\Study\MiKTeX 2.9\tex\generic\pgf\systemlayer\pgf.cfg"
File: pgf.cfg 2008/05/14  (rcs-revision 1.7)
)
Driver file for pgf: pgfsys-pdftex.def

("C:\Study\MiKTeX 2.9\tex\generic\pgf\systemlayer\pgfsys-pdftex.def"
File: pgfsys-pdftex.def 2014/10/11  (rcs-revision 1.35)

("C:\Study\MiKTeX 2.9\tex\generic\pgf\systemlayer\pgfsys-common-pdf.def"
File: pgfsys-common-pdf.def 2013/10/10  (rcs-revision 1.13)
)))
("C:\Study\MiKTeX 2.9\tex\generic\pgf\systemlayer\pgfsyssoftpath.code.tex"
File: pgfsyssoftpath.code.tex 2013/09/09  (rcs-revision 1.9)
\pgfsyssoftpath@smallbuffer@items=\count111
\pgfsyssoftpath@bigbuffer@items=\count112
)
("C:\Study\MiKTeX 2.9\tex\generic\pgf\systemlayer\pgfsysprotocol.code.tex"
File: pgfsysprotocol.code.tex 2006/10/16  (rcs-revision 1.4)
))
("C:\Study\MiKTeX 2.9\tex\latex\xcolor\xcolor.sty"
Package: xcolor 2016/05/11 v2.12 LaTeX color extensions (UK)

("C:\Study\MiKTeX 2.9\tex\latex\graphics-cfg\color.cfg"
File: color.cfg 2016/01/02 v1.6 sample color configuration
)
Package xcolor Info: Driver file: pdftex.def on input line 225.
Package xcolor Info: Model `cmy' substituted by `cmy0' on input line 1348.
Package xcolor Info: Model `hsb' substituted by `rgb' on input line 1352.
Package xcolor Info: Model `RGB' extended on input line 1364.
Package xcolor Info: Model `HTML' substituted by `rgb' on input line 1366.
Package xcolor Info: Model `Hsb' substituted by `hsb' on input line 1367.
Package xcolor Info: Model `tHsb' substituted by `hsb' on input line 1368.
Package xcolor Info: Model `HSB' substituted by `hsb' on input line 1369.
Package xcolor Info: Model `Gray' substituted by `gray' on input line 1370.
Package xcolor Info: Model `wave' substituted by `hsb' on input line 1371.
)
("C:\Study\MiKTeX 2.9\tex\generic\pgf\basiclayer\pgfcore.code.tex"
Package: pgfcore 2010/04/11 v3.0.1a (rcs-revision 1.7)

("C:\Study\MiKTeX 2.9\tex\generic\pgf\math\pgfmath.code.tex"
("C:\Study\MiKTeX 2.9\tex\generic\pgf\math\pgfmathcalc.code.tex"
("C:\Study\MiKTeX 2.9\tex\generic\pgf\math\pgfmathutil.code.tex")
("C:\Study\MiKTeX 2.9\tex\generic\pgf\math\pgfmathparser.code.tex"
\pgfmath@dimen=\dimen138
\pgfmath@count=\count113
\pgfmath@box=\box35
\pgfmath@toks=\toks23
\pgfmath@stack@operand=\toks24
\pgfmath@stack@operation=\toks25
)
("C:\Study\MiKTeX 2.9\tex\generic\pgf\math\pgfmathfunctions.code.tex"
("C:\Study\MiKTeX 2.9\tex\generic\pgf\math\pgfmathfunctions.basic.code.tex")
("C:\Study\MiKTeX 2.9\tex\generic\pgf\math\pgfmathfunctions.trigonometric.code.
tex")
("C:\Study\MiKTeX 2.9\tex\generic\pgf\math\pgfmathfunctions.random.code.tex")
("C:\Study\MiKTeX 2.9\tex\generic\pgf\math\pgfmathfunctions.comparison.code.tex
") ("C:\Study\MiKTeX 2.9\tex\generic\pgf\math\pgfmathfunctions.base.code.tex")
("C:\Study\MiKTeX 2.9\tex\generic\pgf\math\pgfmathfunctions.round.code.tex")
("C:\Study\MiKTeX 2.9\tex\generic\pgf\math\pgfmathfunctions.misc.code.tex")
("C:\Study\MiKTeX 2.9\tex\generic\pgf\math\pgfmathfunctions.integerarithmetics.
code.tex"))) ("C:\Study\MiKTeX 2.9\tex\generic\pgf\math\pgfmathfloat.code.tex"
\c@pgfmathroundto@lastzeros=\count114
)) ("C:\Study\MiKTeX 2.9\tex\generic\pgf\basiclayer\pgfcorepoints.code.tex"
File: pgfcorepoints.code.tex 2013/10/07  (rcs-revision 1.27)
\pgf@picminx=\dimen139
\pgf@picmaxx=\dimen140
\pgf@picminy=\dimen141
\pgf@picmaxy=\dimen142
\pgf@pathminx=\dimen143
\pgf@pathmaxx=\dimen144
\pgf@pathminy=\dimen145
\pgf@pathmaxy=\dimen146
\pgf@xx=\dimen147
\pgf@xy=\dimen148
\pgf@yx=\dimen149
\pgf@yy=\dimen150
\pgf@zx=\dimen151
\pgf@zy=\dimen152
)
("C:\Study\MiKTeX 2.9\tex\generic\pgf\basiclayer\pgfcorepathconstruct.code.tex"
File: pgfcorepathconstruct.code.tex 2013/10/07  (rcs-revision 1.29)
\pgf@path@lastx=\dimen153
\pgf@path@lasty=\dimen154
) ("C:\Study\MiKTeX 2.9\tex\generic\pgf\basiclayer\pgfcorepathusage.code.tex"
File: pgfcorepathusage.code.tex 2014/11/02  (rcs-revision 1.24)
\pgf@shorten@end@additional=\dimen155
\pgf@shorten@start@additional=\dimen156
)
("C:\Study\MiKTeX 2.9\tex\generic\pgf\basiclayer\pgfcorescopes.code.tex"
File: pgfcorescopes.code.tex 2015/05/08  (rcs-revision 1.46)
\pgfpic=\box36
\pgf@hbox=\box37
\pgf@layerbox@main=\box38
\pgf@picture@serial@count=\count115
)
("C:\Study\MiKTeX 2.9\tex\generic\pgf\basiclayer\pgfcoregraphicstate.code.tex"
File: pgfcoregraphicstate.code.tex 2014/11/02  (rcs-revision 1.12)
\pgflinewidth=\dimen157
)
("C:\Study\MiKTeX 2.9\tex\generic\pgf\basiclayer\pgfcoretransformations.code.te
x"
File: pgfcoretransformations.code.tex 2015/08/07  (rcs-revision 1.20)
\pgf@pt@x=\dimen158
\pgf@pt@y=\dimen159
\pgf@pt@temp=\dimen160
) ("C:\Study\MiKTeX 2.9\tex\generic\pgf\basiclayer\pgfcorequick.code.tex"
File: pgfcorequick.code.tex 2008/10/09  (rcs-revision 1.3)
)
("C:\Study\MiKTeX 2.9\tex\generic\pgf\basiclayer\pgfcoreobjects.code.tex"
File: pgfcoreobjects.code.tex 2006/10/11  (rcs-revision 1.2)
)
("C:\Study\MiKTeX 2.9\tex\generic\pgf\basiclayer\pgfcorepathprocessing.code.tex
"
File: pgfcorepathprocessing.code.tex 2013/09/09  (rcs-revision 1.9)
) ("C:\Study\MiKTeX 2.9\tex\generic\pgf\basiclayer\pgfcorearrows.code.tex"
File: pgfcorearrows.code.tex 2015/05/14  (rcs-revision 1.43)
\pgfarrowsep=\dimen161
)
("C:\Study\MiKTeX 2.9\tex\generic\pgf\basiclayer\pgfcoreshade.code.tex"
File: pgfcoreshade.code.tex 2013/07/15  (rcs-revision 1.15)
\pgf@max=\dimen162
\pgf@sys@shading@range@num=\count116
)
("C:\Study\MiKTeX 2.9\tex\generic\pgf\basiclayer\pgfcoreimage.code.tex"
File: pgfcoreimage.code.tex 2013/07/15  (rcs-revision 1.18)

("C:\Study\MiKTeX 2.9\tex\generic\pgf\basiclayer\pgfcoreexternal.code.tex"
File: pgfcoreexternal.code.tex 2014/07/09  (rcs-revision 1.21)
\pgfexternal@startupbox=\box39
))
("C:\Study\MiKTeX 2.9\tex\generic\pgf\basiclayer\pgfcorelayers.code.tex"
File: pgfcorelayers.code.tex 2013/07/18  (rcs-revision 1.7)
)
("C:\Study\MiKTeX 2.9\tex\generic\pgf\basiclayer\pgfcoretransparency.code.tex"
File: pgfcoretransparency.code.tex 2013/09/30  (rcs-revision 1.5)
) ("C:\Study\MiKTeX 2.9\tex\generic\pgf\basiclayer\pgfcorepatterns.code.tex"
File: pgfcorepatterns.code.tex 2013/11/07  (rcs-revision 1.5)
)))
("C:\Study\MiKTeX 2.9\tex\latex\pgf\utilities\xxcolor.sty"
Package: xxcolor 2003/10/24 ver 0.1
\XC@nummixins=\count117
\XC@countmixins=\count118
)
("C:\Study\MiKTeX 2.9\tex\generic\oberdiek\atbegshi.sty"
Package: atbegshi 2016/06/09 v1.18 At begin shipout hook (HO)

("C:\Study\MiKTeX 2.9\tex\generic\oberdiek\infwarerr.sty"
Package: infwarerr 2016/05/16 v1.4 Providing info/warning/error messages (HO)
)
("C:\Study\MiKTeX 2.9\tex\generic\oberdiek\ltxcmds.sty"
Package: ltxcmds 2016/05/16 v1.23 LaTeX kernel commands for general use (HO)
))
("C:\Study\MiKTeX 2.9\tex\latex\hyperref\hyperref.sty"
Package: hyperref 2018/02/06 v6.86b Hypertext links for LaTeX

("C:\Study\MiKTeX 2.9\tex\generic\oberdiek\hobsub-hyperref.sty"
Package: hobsub-hyperref 2016/05/16 v1.14 Bundle oberdiek, subset hyperref (HO)


("C:\Study\MiKTeX 2.9\tex\generic\oberdiek\hobsub-generic.sty"
Package: hobsub-generic 2016/05/16 v1.14 Bundle oberdiek, subset generic (HO)
Package: hobsub 2016/05/16 v1.14 Construct package bundles (HO)
Package hobsub Info: Skipping package `infwarerr' (already loaded).
Package hobsub Info: Skipping package `ltxcmds' (already loaded).
Package: ifluatex 2016/05/16 v1.4 Provides the ifluatex switch (HO)
Package ifluatex Info: LuaTeX not detected.
Package hobsub Info: Skipping package `ifvtex' (already loaded).
Package: intcalc 2016/05/16 v1.2 Expandable calculations with integers (HO)
Package hobsub Info: Skipping package `ifpdf' (already loaded).
Package: etexcmds 2016/05/16 v1.6 Avoid name clashes with e-TeX commands (HO)
Package etexcmds Info: Could not find \expanded.
(etexcmds)             That can mean that you are not using pdfTeX 1.50 or
(etexcmds)             that some package has redefined \expanded.
(etexcmds)             In the latter case, load this package earlier.
Package: kvsetkeys 2016/05/16 v1.17 Key value parser (HO)
Package: kvdefinekeys 2016/05/16 v1.4 Define keys (HO)
Package: pdftexcmds 2018/01/21 v0.26 Utility functions of pdfTeX for LuaTeX (HO
)
Package pdftexcmds Info: LuaTeX not detected.
Package pdftexcmds Info: \pdf@primitive is available.
Package pdftexcmds Info: \pdf@ifprimitive is available.
Package pdftexcmds Info: \pdfdraftmode found.
Package: pdfescape 2016/05/16 v1.14 Implements pdfTeX's escape features (HO)
Package: bigintcalc 2016/05/16 v1.4 Expandable calculations on big integers (HO
)
Package: bitset 2016/05/16 v1.2 Handle bit-vector datatype (HO)
Package: uniquecounter 2016/05/16 v1.3 Provide unlimited unique counter (HO)
)
Package hobsub Info: Skipping package `hobsub' (already loaded).
Package: letltxmacro 2016/05/16 v1.5 Let assignment for LaTeX macros (HO)
Package: hopatch 2016/05/16 v1.3 Wrapper for package hooks (HO)
Package: xcolor-patch 2016/05/16 xcolor patch
Package: atveryend 2016/05/16 v1.9 Hooks at the very end of document (HO)
Package hobsub Info: Skipping package `atbegshi' (already loaded).
Package: refcount 2016/05/16 v3.5 Data extraction from label references (HO)
Package: hycolor 2016/05/16 v1.8 Color options for hyperref/bookmark (HO)
)
("C:\Study\MiKTeX 2.9\tex\latex\oberdiek\auxhook.sty"
Package: auxhook 2016/05/16 v1.4 Hooks for auxiliary files (HO)
)
("C:\Study\MiKTeX 2.9\tex\latex\oberdiek\kvoptions.sty"
Package: kvoptions 2016/05/16 v3.12 Key value format for package options (HO)
)
\@linkdim=\dimen163
\Hy@linkcounter=\count119
\Hy@pagecounter=\count120

("C:\Study\MiKTeX 2.9\tex\latex\hyperref\pd1enc.def"
File: pd1enc.def 2018/02/06 v6.86b Hyperref: PDFDocEncoding definition (HO)
)
\Hy@SavedSpaceFactor=\count121

("C:\Study\MiKTeX 2.9\tex\latex\00miktex\hyperref.cfg"
File: hyperref.cfg 2002/06/06 v1.2 hyperref configuration of TeXLive
)
Package hyperref Info: Option `bookmarks' set `true' on input line 4383.
Package hyperref Info: Option `bookmarksopen' set `true' on input line 4383.
Package hyperref Info: Option `implicit' set `false' on input line 4383.
Package hyperref Info: Hyper figures OFF on input line 4509.
Package hyperref Info: Link nesting OFF on input line 4514.
Package hyperref Info: Hyper index ON on input line 4517.
Package hyperref Info: Plain pages OFF on input line 4524.
Package hyperref Info: Backreferencing OFF on input line 4529.
Package hyperref Info: Implicit mode OFF; no redefinition of LaTeX internals.
Package hyperref Info: Bookmarks ON on input line 4762.
\c@Hy@tempcnt=\count122

("C:\Study\MiKTeX 2.9\tex\latex\url\url.sty"
\Urlmuskip=\muskip10
Package: url 2013/09/16  ver 3.4  Verb mode for urls, etc.
)
LaTeX Info: Redefining \url on input line 5115.
\XeTeXLinkMargin=\dimen164
\Fld@menulength=\count123
\Field@Width=\dimen165
\Fld@charsize=\dimen166
Package hyperref Info: Hyper figures OFF on input line 6369.
Package hyperref Info: Link nesting OFF on input line 6374.
Package hyperref Info: Hyper index ON on input line 6377.
Package hyperref Info: backreferencing OFF on input line 6384.
Package hyperref Info: Link coloring OFF on input line 6389.
Package hyperref Info: Link coloring with OCG OFF on input line 6394.
Package hyperref Info: PDF/A mode OFF on input line 6399.
LaTeX Info: Redefining \ref on input line 6439.
LaTeX Info: Redefining \pageref on input line 6443.
\Hy@abspage=\count124


Package hyperref Message: Stopped early.

)
Package hyperref Info: Driver (autodetected): hpdftex.
 ("C:\Study\MiKTeX 2.9\tex\latex\hyperref\hpdftex.def"
File: hpdftex.def 2018/02/06 v6.86b Hyperref driver for pdfTeX
\Fld@listcount=\count125
\c@bookmark@seq@number=\count126

("C:\Study\MiKTeX 2.9\tex\latex\oberdiek\rerunfilecheck.sty"
Package: rerunfilecheck 2016/05/16 v1.8 Rerun checks for auxiliary files (HO)
Package uniquecounter Info: New unique counter `rerunfilecheck' on input line 2
82.
))
("C:\Study\MiKTeX 2.9\tex\latex\beamer\beamerbaserequires.sty"
("C:\Study\MiKTeX 2.9\tex\latex\beamer\beamerbasecompatibility.sty")
("C:\Study\MiKTeX 2.9\tex\latex\beamer\beamerbasefont.sty"
("C:\Study\MiKTeX 2.9\tex\latex\amsfonts\amssymb.sty"
Package: amssymb 2013/01/14 v3.01 AMS font symbols

("C:\Study\MiKTeX 2.9\tex\latex\amsfonts\amsfonts.sty"
Package: amsfonts 2013/01/14 v3.01 Basic AMSFonts support
\@emptytoks=\toks26
\symAMSa=\mathgroup4
\symAMSb=\mathgroup5
LaTeX Font Info:    Overwriting math alphabet `\mathfrak' in version `bold'
(Font)                  U/euf/m/n --> U/euf/b/n on input line 106.
))
("C:\Study\MiKTeX 2.9\tex\latex\sansmathaccent\sansmathaccent.sty"
Package: sansmathaccent 2013/03/28

("C:\Study\MiKTeX 2.9\tex\latex\filehook\filehook.sty"
Package: filehook 2011/10/12 v0.5d Hooks for input files
)))
("C:\Study\MiKTeX 2.9\tex\latex\beamer\beamerbasetranslator.sty"
("C:\Study\MiKTeX 2.9\tex\latex\translator\translator.sty"
Package: translator 2018/01/04 v1.12 Easy translation of strings in LaTeX
))
("C:\Study\MiKTeX 2.9\tex\latex\beamer\beamerbasemisc.sty")
("C:\Study\MiKTeX 2.9\tex\latex\beamer\beamerbasetwoscreens.sty")
("C:\Study\MiKTeX 2.9\tex\latex\beamer\beamerbaseoverlay.sty"
\beamer@argscount=\count127
\beamer@lastskipcover=\skip44
\beamer@trivlistdepth=\count128
)
("C:\Study\MiKTeX 2.9\tex\latex\beamer\beamerbasetitle.sty")
("C:\Study\MiKTeX 2.9\tex\latex\beamer\beamerbasesection.sty"
\c@lecture=\count129
\c@part=\count130
\c@section=\count131
\c@subsection=\count132
\c@subsubsection=\count133
)
("C:\Study\MiKTeX 2.9\tex\latex\beamer\beamerbaseframe.sty"
\beamer@framebox=\box40
\beamer@frametitlebox=\box41
\beamer@zoombox=\box42
\beamer@zoomcount=\count134
\beamer@zoomframecount=\count135
\beamer@frametextheight=\dimen167
\c@subsectionslide=\count136
\beamer@frametopskip=\skip45
\beamer@framebottomskip=\skip46
\beamer@frametopskipautobreak=\skip47
\beamer@framebottomskipautobreak=\skip48
\beamer@envbody=\toks27
\framewidth=\dimen168
\c@framenumber=\count137
)
("C:\Study\MiKTeX 2.9\tex\latex\beamer\beamerbaseverbatim.sty"
\beamer@verbatimfileout=\write4
)
("C:\Study\MiKTeX 2.9\tex\latex\beamer\beamerbaseframesize.sty"
\beamer@splitbox=\box43
\beamer@autobreakcount=\count138
\beamer@autobreaklastheight=\dimen169
\beamer@frametitletoks=\toks28
\beamer@framesubtitletoks=\toks29
)
("C:\Study\MiKTeX 2.9\tex\latex\beamer\beamerbaseframecomponents.sty"
\beamer@footins=\box44
)
("C:\Study\MiKTeX 2.9\tex\latex\beamer\beamerbasecolor.sty"
\beamer@bg@ht=\dimen170
\beamer@bg@wd=\dimen171
\beamer@bg@dp=\dimen172
)
("C:\Study\MiKTeX 2.9\tex\latex\beamer\beamerbasenotes.sty"
\beamer@frameboxcopy=\box45
)
("C:\Study\MiKTeX 2.9\tex\latex\beamer\beamerbasetoc.sty")
("C:\Study\MiKTeX 2.9\tex\latex\beamer\beamerbasetemplates.sty"
\beamer@sbttoks=\toks30

("C:\Study\MiKTeX 2.9\tex\latex\beamer\beamerbaseauxtemplates.sty"
("C:\Study\MiKTeX 2.9\tex\latex\beamer\beamerbaseboxes.sty"
\bmb@box=\box46
\bmb@colorbox=\box47
\bmb@boxshadow=\box48
\bmb@boxshadowball=\box49
\bmb@boxshadowballlarge=\box50
\bmb@temp=\dimen173
\bmb@dima=\dimen174
\bmb@dimb=\dimen175
\bmb@prevheight=\dimen176
)
\beamer@blockheadheight=\dimen177
))
("C:\Study\MiKTeX 2.9\tex\latex\beamer\beamerbaselocalstructure.sty"
("C:\Study\MiKTeX 2.9\tex\latex\tools\enumerate.sty"
Package: enumerate 2015/07/23 v3.00 enumerate extensions (DPC)
\@enLab=\toks31
)
\c@figure=\count139
\c@table=\count140
\abovecaptionskip=\skip49
\belowcaptionskip=\skip50
)
("C:\Study\MiKTeX 2.9\tex\latex\beamer\beamerbasenavigation.sty"
\beamer@section@min@dim=\dimen178
)
("C:\Study\MiKTeX 2.9\tex\latex\beamer\beamerbasetheorems.sty"
("C:\Study\MiKTeX 2.9\tex\latex\amsmath\amsmath.sty"
Package: amsmath 2017/09/02 v2.17a AMS math features
\@mathmargin=\skip51

For additional information on amsmath, use the `?' option.
("C:\Study\MiKTeX 2.9\tex\latex\amsmath\amstext.sty"
Package: amstext 2000/06/29 v2.01 AMS text

("C:\Study\MiKTeX 2.9\tex\latex\amsmath\amsgen.sty"
File: amsgen.sty 1999/11/30 v2.0 generic functions
\@emptytoks=\toks32
\ex@=\dimen179
))
("C:\Study\MiKTeX 2.9\tex\latex\amsmath\amsbsy.sty"
Package: amsbsy 1999/11/29 v1.2d Bold Symbols
\pmbraise@=\dimen180
)
("C:\Study\MiKTeX 2.9\tex\latex\amsmath\amsopn.sty"
Package: amsopn 2016/03/08 v2.02 operator names
)
\inf@bad=\count141
LaTeX Info: Redefining \frac on input line 213.
\uproot@=\count142
\leftroot@=\count143
LaTeX Info: Redefining \overline on input line 375.
\classnum@=\count144
\DOTSCASE@=\count145
LaTeX Info: Redefining \ldots on input line 472.
LaTeX Info: Redefining \dots on input line 475.
LaTeX Info: Redefining \cdots on input line 596.
\Mathstrutbox@=\box51
\strutbox@=\box52
\big@size=\dimen181
LaTeX Font Info:    Redeclaring font encoding OML on input line 712.
LaTeX Font Info:    Redeclaring font encoding OMS on input line 713.
\macc@depth=\count146
\c@MaxMatrixCols=\count147
\dotsspace@=\muskip11
\c@parentequation=\count148
\dspbrk@lvl=\count149
\tag@help=\toks33
\row@=\count150
\column@=\count151
\maxfields@=\count152
\andhelp@=\toks34
\eqnshift@=\dimen182
\alignsep@=\dimen183
\tagshift@=\dimen184
\tagwidth@=\dimen185
\totwidth@=\dimen186
\lineht@=\dimen187
\@envbody=\toks35
\multlinegap=\skip52
\multlinetaggap=\skip53
\mathdisplay@stack=\toks36
LaTeX Info: Redefining \[ on input line 2817.
LaTeX Info: Redefining \] on input line 2818.
)
("C:\Study\MiKTeX 2.9\tex\latex\amscls\amsthm.sty"
Package: amsthm 2017/10/31 v2.20.4
\thm@style=\toks37
\thm@bodyfont=\toks38
\thm@headfont=\toks39
\thm@notefont=\toks40
\thm@headpunct=\toks41
\thm@preskip=\skip54
\thm@postskip=\skip55
\thm@headsep=\skip56
\dth@everypar=\toks42
)
\c@theorem=\count153
)
("C:\Study\MiKTeX 2.9\tex\latex\beamer\beamerbasethemes.sty"))
("C:\Study\MiKTeX 2.9\tex\latex\beamer\beamerthemedefault.sty"
("C:\Study\MiKTeX 2.9\tex\latex\beamer\beamerfontthemedefault.sty")
("C:\Study\MiKTeX 2.9\tex\latex\beamer\beamercolorthemedefault.sty")
("C:\Study\MiKTeX 2.9\tex\latex\beamer\beamerinnerthemedefault.sty"
\beamer@dima=\dimen188
\beamer@dimb=\dimen189
)
("C:\Study\MiKTeX 2.9\tex\latex\beamer\beamerouterthemedefault.sty")))
(SexySlides1.sty ("C:\Study\MiKTeX 2.9\tex\latex\beamer\beamerthemeMadrid.sty"
("C:\Study\MiKTeX 2.9\tex\latex\beamer\beamercolorthemewhale.sty")
("C:\Study\MiKTeX 2.9\tex\latex\beamer\beamercolorthemeorchid.sty")
("C:\Study\MiKTeX 2.9\tex\latex\beamer\beamerinnerthemerounded.sty")
("C:\Study\MiKTeX 2.9\tex\latex\beamer\beamerouterthemeinfolines.sty"))
("C:\Study\MiKTeX 2.9\tex\latex\beamer\beamerfontthemestructurebold.sty")
("C:\Study\MiKTeX 2.9\tex\latex\beamer\beamercolorthemeseahorse.sty")
("C:\Study\MiKTeX 2.9\tex\generic\babel\babel.sty"
Package: babel 2018/02/14 3.18 The Babel package

("C:\Study\MiKTeX 2.9\tex\generic\babel\switch.def"
File: switch.def 2018/02/14 3.18 Babel switching mechanism
)
*************************************
* Local config file bblopts.cfg used
*
("C:\Study\MiKTeX 2.9\tex\latex\arabi\bblopts.cfg"
File: bblopts.cfg 2005/09/08 v0.1 add Arabic and Farsi to "declared" options of
 babel
)
("C:\Study\MiKTeX 2.9\tex\latex\babel-english\english.ldf"
Language: english 2017/06/06 v3.3r English support from the babel system

("C:\Study\MiKTeX 2.9\tex\generic\babel\babel.def"
File: babel.def 2018/02/14 3.18 Babel common definitions
\babel@savecnt=\count154
\U@D=\dimen190

("C:\Study\MiKTeX 2.9\tex\generic\babel\txtbabel.def")
LaTeX Info: Redefining \textlatin on input line 1839.
\bbl@dirlevel=\count155
)
\l@canadian = a dialect from \language\l@american 
\l@australian = a dialect from \language\l@british 
\l@newzealand = a dialect from \language\l@british 
))
("C:\Study\MiKTeX 2.9\tex\latex\base\inputenc.sty"
Package: inputenc 2015/03/17 v1.2c Input encoding file
\inpenc@prehook=\toks43
\inpenc@posthook=\toks44

("C:\Study\MiKTeX 2.9\tex\latex\base\latin1.def"
File: latin1.def 2015/03/17 v1.2c Input encoding file
))
("C:\Study\MiKTeX 2.9\tex\latex\psnfss\times.sty"
Package: times 2005/04/12 PSNFSS-v9.2a (SPQR) 
)
("C:\Study\MiKTeX 2.9\tex\latex\base\fontenc.sty"
Package: fontenc 2017/04/05 v2.0i Standard LaTeX package

("C:\Study\MiKTeX 2.9\tex\latex\base\t1enc.def"
File: t1enc.def 2017/04/05 v2.0i Standard LaTeX file
LaTeX Font Info:    Redeclaring font encoding T1 on input line 48.
))
("C:\Study\MiKTeX 2.9\tex\latex\subfigure\subfigure.sty"
Package: subfigure 2002/07/30 v2.1.4 subfigure package
\subfigtopskip=\skip57
\subfigcapskip=\skip58
\subfigcaptopadj=\dimen191
\subfigbottomskip=\skip59
\subfigcapmargin=\dimen192
\subfiglabelskip=\skip60
\c@subfigure=\count156
\c@lofdepth=\count157
\c@subtable=\count158
\c@lotdepth=\count159

****************************************
* Local config file subfigure.cfg used *
****************************************
("C:\Study\MiKTeX 2.9\tex\latex\subfigure\subfigure.cfg")
\subfig@top=\skip61
\subfig@bottom=\skip62
)
("C:\Study\MiKTeX 2.9\tex\latex\graphics\epsfig.sty"
Package: epsfig 2017/06/25 v1.7b (e)psfig emulation (SPQR)
\epsfxsize=\dimen193
\epsfysize=\dimen194
)
("C:\Study\MiKTeX 2.9\tex\latex\soul\soul.sty"
Package: soul 2003/11/17 v2.4 letterspacing/underlining (mf)
\SOUL@word=\toks45
\SOUL@lasttoken=\toks46
\SOUL@cmds=\toks47
\SOUL@buffer=\toks48
\SOUL@token=\toks49
\SOUL@spaceskip=\skip63
\SOUL@ttwidth=\dimen195
\SOUL@uldp=\dimen196
\SOUL@ulht=\dimen197
)
\c@Thm=\count160
\c@Lm=\count161
\c@Prop=\count162
\c@Cry=\count163
\c@Rmk=\count164
\c@Ex=\count165
\c@Claim=\count166
)
("C:\Study\MiKTeX 2.9\tex\latex\fancyvrb\fancyvrb.sty"
Package: fancyvrb 2008/02/07

Style option: `fancyvrb' v2.7a, with DG/SPQR fixes, and firstline=lastline fix 
<2008/02/07> (tvz)
\FV@CodeLineNo=\count167
\FV@InFile=\read2
\FV@TabBox=\box53
\c@FancyVerbLine=\count168
\FV@StepNumber=\count169
\FV@OutFile=\write5
) ("C:\Study\MiKTeX 2.9\tex\latex\outlines\outlines.sty"
Package: outlines 2012/1/23 1.1 Ch. Pecheur

("C:\Study\MiKTeX 2.9\tex\latex\base\ifthen.sty"
Package: ifthen 2014/09/29 v1.1c Standard LaTeX ifthen package (DPC)
))
("C:\Study\MiKTeX 2.9\tex\latex\pbox\pbox.sty"
Package: pbox 2011/12/07 v1.2 Dynamic parboxes

("C:\Study\MiKTeX 2.9\tex\latex\tools\calc.sty"
Package: calc 2014/10/28 v4.3 Infix arithmetic (KKT,FJ)
\calc@Acount=\count170
\calc@Bcount=\count171
\calc@Adimen=\dimen198
\calc@Bdimen=\dimen199
\calc@Askip=\skip64
\calc@Bskip=\skip65
LaTeX Info: Redefining \setlength on input line 80.
LaTeX Info: Redefining \addtolength on input line 81.
\calc@Ccount=\count172
\calc@Cskip=\skip66
)
\pb@xlen=\skip67
)
("C:\Study\MiKTeX 2.9\tex\latex\natbib\natbib.sty"
Package: natbib 2010/09/13 8.31b (PWD, AO)
\bibhang=\skip68
\bibsep=\skip69
LaTeX Info: Redefining \cite on input line 694.
\c@NAT@ctr=\count173
)
Package hyperref Info: Option `colorlinks' set `true' on input line 5.

("C:\Study\MiKTeX 2.9\tex\latex\caption\caption.sty"
Package: caption 2016/02/21 v3.3-144 Customizing captions (AR)

("C:\Study\MiKTeX 2.9\tex\latex\caption\caption3.sty"
Package: caption3 2016/05/22 v1.7-166 caption3 kernel (AR)
Package caption3 Info: TeX engine: e-TeX on input line 67.
\captionmargin=\dimen256
\captionmargin@=\dimen257
\captionwidth=\dimen258
\caption@tempdima=\dimen259
\caption@indent=\dimen260
\caption@parindent=\dimen261
\caption@hangindent=\dimen262
)
\c@ContinuedFloat=\count174
Package caption Info: beamer document class.
Package caption Info: hyperref package is loaded.
Package caption Info: Hyperref support is turned off
(caption)             because hyperref has stopped early.
Package caption Info: subfigure package is loaded.
)
\c@Algorithm=\count175

("C:\Study\MiKTeX 2.9\tex\latex\bclogo\bclogo.sty"
Package: bclogo 2016/01/10 v3.1

("C:\Study\MiKTeX 2.9\tex\latex\xkeyval\xkeyval.sty"
Package: xkeyval 2014/12/03 v2.7a package option processing (HA)

("C:\Study\MiKTeX 2.9\tex\generic\xkeyval\xkeyval.tex"
("C:\Study\MiKTeX 2.9\tex\generic\xkeyval\xkvutils.tex"
\XKV@toks=\toks50
\XKV@tempa@toks=\toks51
)
\XKV@depth=\count176
File: xkeyval.tex 2014/12/03 v2.7a key=value parser (HA)
))
\bc@invboxh=\skip70
\bc@invboxd=\skip71
\bc@titleLength=\skip72
\logowidth=\skip73

("C:\Study\MiKTeX 2.9\tex\latex\pgf\frontendlayer\tikz.sty"
("C:\Study\MiKTeX 2.9\tex\latex\pgf\basiclayer\pgf.sty"
Package: pgf 2015/08/07 v3.0.1a (rcs-revision 1.15)

("C:\Study\MiKTeX 2.9\tex\generic\pgf\modules\pgfmoduleshapes.code.tex"
File: pgfmoduleshapes.code.tex 2014/03/21  (rcs-revision 1.35)
\pgfnodeparttextbox=\box54
)
("C:\Study\MiKTeX 2.9\tex\generic\pgf\modules\pgfmoduleplot.code.tex"
File: pgfmoduleplot.code.tex 2015/08/03  (rcs-revision 1.13)
)
("C:\Study\MiKTeX 2.9\tex\latex\pgf\compatibility\pgfcomp-version-0-65.sty"
Package: pgfcomp-version-0-65 2007/07/03 v3.0.1a (rcs-revision 1.7)
\pgf@nodesepstart=\dimen263
\pgf@nodesepend=\dimen264
)
("C:\Study\MiKTeX 2.9\tex\latex\pgf\compatibility\pgfcomp-version-1-18.sty"
Package: pgfcomp-version-1-18 2007/07/23 v3.0.1a (rcs-revision 1.1)
))
("C:\Study\MiKTeX 2.9\tex\latex\pgf\utilities\pgffor.sty"
("C:\Study\MiKTeX 2.9\tex\latex\pgf\utilities\pgfkeys.sty"
("C:\Study\MiKTeX 2.9\tex\generic\pgf\utilities\pgfkeys.code.tex"))
("C:\Study\MiKTeX 2.9\tex\latex\pgf\math\pgfmath.sty"
("C:\Study\MiKTeX 2.9\tex\generic\pgf\math\pgfmath.code.tex"))
("C:\Study\MiKTeX 2.9\tex\generic\pgf\utilities\pgffor.code.tex"
Package: pgffor 2013/12/13 v3.0.1a (rcs-revision 1.25)

("C:\Study\MiKTeX 2.9\tex\generic\pgf\math\pgfmath.code.tex")
\pgffor@iter=\dimen265
\pgffor@skip=\dimen266
\pgffor@stack=\toks52
\pgffor@toks=\toks53
))
("C:\Study\MiKTeX 2.9\tex\generic\pgf\frontendlayer\tikz\tikz.code.tex"
Package: tikz 2015/08/07 v3.0.1a (rcs-revision 1.151)

("C:\Study\MiKTeX 2.9\tex\generic\pgf\libraries\pgflibraryplothandlers.code.tex
"
File: pgflibraryplothandlers.code.tex 2013/08/31 v3.0.1a (rcs-revision 1.20)
\pgf@plot@mark@count=\count177
\pgfplotmarksize=\dimen267
)
\tikz@lastx=\dimen268
\tikz@lasty=\dimen269
\tikz@lastxsaved=\dimen270
\tikz@lastysaved=\dimen271
\tikzleveldistance=\dimen272
\tikzsiblingdistance=\dimen273
\tikz@figbox=\box55
\tikz@figbox@bg=\box56
\tikz@tempbox=\box57
\tikz@tempbox@bg=\box58
\tikztreelevel=\count178
\tikznumberofchildren=\count179
\tikznumberofcurrentchild=\count180
\tikz@fig@count=\count181
 ("C:\Study\MiKTeX 2.9\tex\generic\pgf\modules\pgfmodulematrix.code.tex"
File: pgfmodulematrix.code.tex 2013/09/17  (rcs-revision 1.8)
\pgfmatrixcurrentrow=\count182
\pgfmatrixcurrentcolumn=\count183
\pgf@matrix@numberofcolumns=\count184
)
\tikz@expandcount=\count185

("C:\Study\MiKTeX 2.9\tex\generic\pgf\frontendlayer\tikz\libraries\tikzlibraryt
opaths.code.tex"
File: tikzlibrarytopaths.code.tex 2008/06/17 v3.0.1a (rcs-revision 1.2)
))) ("C:\Study\MiKTeX 2.9\tex\latex\mdframed\mdframed.sty"
Package: mdframed 2013/07/01 1.9b: mdframed

("C:\Study\MiKTeX 2.9\tex\latex\l3packages\xparse\xparse.sty"
("C:\Study\MiKTeX 2.9\tex\latex\l3kernel\expl3.sty"
Package: expl3 2018-04-30 L3 programming layer (loader) 

("C:\Study\MiKTeX 2.9\tex\latex\l3kernel\expl3-code.tex"
Package: expl3 2018-04-30 L3 programming layer (code)
\c_max_int=\count186
\l_tmpa_int=\count187
\l_tmpb_int=\count188
\g_tmpa_int=\count189
\g_tmpb_int=\count190
\g__kernel_prg_map_int=\count191
\c_log_iow=\count192
\l_iow_line_count_int=\count193
\l__iow_line_target_int=\count194
\l__iow_one_indent_int=\count195
\l__iow_indent_int=\count196
\c_zero_dim=\dimen274
\c_max_dim=\dimen275
\l_tmpa_dim=\dimen276
\l_tmpb_dim=\dimen277
\g_tmpa_dim=\dimen278
\g_tmpb_dim=\dimen279
\c_zero_skip=\skip74
\c_max_skip=\skip75
\l_tmpa_skip=\skip76
\l_tmpb_skip=\skip77
\g_tmpa_skip=\skip78
\g_tmpb_skip=\skip79
\c_zero_muskip=\muskip12
\c_max_muskip=\muskip13
\l_tmpa_muskip=\muskip14
\l_tmpb_muskip=\muskip15
\g_tmpa_muskip=\muskip16
\g_tmpb_muskip=\muskip17
\l_keys_choice_int=\count197
\c__fp_leading_shift_int=\count198
\c__fp_middle_shift_int=\count199
\c__fp_trailing_shift_int=\count266
\c__fp_big_leading_shift_int=\count267
\c__fp_big_middle_shift_int=\count268
\c__fp_big_trailing_shift_int=\count269
\c__fp_Bigg_leading_shift_int=\count270
\c__fp_Bigg_middle_shift_int=\count271
\c__fp_Bigg_trailing_shift_int=\count272
\c__fp_rand_size_int=\count273
\c__fp_rand_four_int=\count274
\c__fp_rand_eight_int=\count275
\c__intarray_sp_dim=\dimen280
\g__intarray_font_int=\count276
\l__sort_length_int=\count277
\l__sort_min_int=\count278
\l__sort_top_int=\count279
\l__sort_max_int=\count280
\l__sort_true_max_int=\count281
\l__sort_block_int=\count282
\l__sort_begin_int=\count283
\l__sort_end_int=\count284
\l__sort_A_int=\count285
\l__sort_B_int=\count286
\l__sort_C_int=\count287
\l__tl_analysis_normal_int=\count288
\l__tl_analysis_index_int=\count289
\l__tl_analysis_nesting_int=\count290
\l__tl_analysis_type_int=\count291
\l__regex_internal_a_int=\count292
\l__regex_internal_b_int=\count293
\l__regex_internal_c_int=\count294
\l__regex_balance_int=\count295
\l__regex_group_level_int=\count296
\l__regex_mode_int=\count297
\c__regex_cs_in_class_mode_int=\count298
\c__regex_cs_mode_int=\count299
\l__regex_catcodes_int=\count300
\l__regex_default_catcodes_int=\count301
\c__regex_catcode_D_int=\count302
\c__regex_catcode_S_int=\count303
\c__regex_catcode_L_int=\count304
\c__regex_catcode_O_int=\count305
\c__regex_catcode_A_int=\count306
\c__regex_all_catcodes_int=\count307
\l__regex_show_lines_int=\count308
\l__regex_min_state_int=\count309
\l__regex_max_state_int=\count310
\l__regex_left_state_int=\count311
\l__regex_right_state_int=\count312
\l__regex_capturing_group_int=\count313
\l__regex_min_pos_int=\count314
\l__regex_max_pos_int=\count315
\l__regex_curr_pos_int=\count316
\l__regex_start_pos_int=\count317
\l__regex_success_pos_int=\count318
\l__regex_curr_char_int=\count319
\l__regex_curr_catcode_int=\count320
\l__regex_last_char_int=\count321
\l__regex_case_changed_char_int=\count322
\l__regex_curr_state_int=\count323
\l__regex_step_int=\count324
\l__regex_min_active_int=\count325
\l__regex_max_active_int=\count326
\l__regex_replacement_csnames_int=\count327
\l__regex_match_count_int=\count328
\l__regex_min_submatch_int=\count329
\l__regex_submatch_int=\count330
\l__regex_zeroth_submatch_int=\count331
\g__regex_trace_regex_int=\count332
\c_empty_box=\box59
\l_tmpa_box=\box60
\l_tmpb_box=\box61
\g_tmpa_box=\box62
\g_tmpb_box=\box63
\l__box_top_dim=\dimen281
\l__box_bottom_dim=\dimen282
\l__box_left_dim=\dimen283
\l__box_right_dim=\dimen284
\l__box_top_new_dim=\dimen285
\l__box_bottom_new_dim=\dimen286
\l__box_left_new_dim=\dimen287
\l__box_right_new_dim=\dimen288
\l__box_internal_box=\box64
\l__coffin_internal_box=\box65
\l__coffin_internal_dim=\dimen289
\l__coffin_offset_x_dim=\dimen290
\l__coffin_offset_y_dim=\dimen291
\l__coffin_x_dim=\dimen292
\l__coffin_y_dim=\dimen293
\l__coffin_x_prime_dim=\dimen294
\l__coffin_y_prime_dim=\dimen295
\c_empty_coffin=\box66
\l__coffin_aligned_coffin=\box67
\l__coffin_aligned_internal_coffin=\box68
\l_tmpa_coffin=\box69
\l_tmpb_coffin=\box70
\l__coffin_display_coffin=\box71
\l__coffin_display_coord_coffin=\box72
\l__coffin_display_pole_coffin=\box73
\l__coffin_display_offset_dim=\dimen296
\l__coffin_display_x_dim=\dimen297
\l__coffin_display_y_dim=\dimen298
\g__file_internal_ior=\read3
\l__coffin_bounding_shift_dim=\dimen299
\l__coffin_left_corner_dim=\dimen300
\l__coffin_right_corner_dim=\dimen301
\l__coffin_bottom_corner_dim=\dimen302
\l__coffin_top_corner_dim=\dimen303
\l__coffin_scaled_total_height_dim=\dimen304
\l__coffin_scaled_width_dim=\dimen305
\l__seq_internal_a_int=\count333
\l__seq_internal_b_int=\count334
)
("C:\Study\MiKTeX 2.9\tex\latex\l3kernel\l3pdfmode.def"
File: l3pdfmode.def 2018-04-30 v L3 Experimental driver: PDF mode
\l__driver_color_stack_int=\count335
))
Package: xparse 2018-04-30 L3 Experimental document command parser
\l__xparse_current_arg_int=\count336
\g__xparse_grabber_int=\count337
\l__xparse_m_args_int=\count338
\l__xparse_mandatory_args_int=\count339
\l__xparse_v_nesting_int=\count340
)
("C:\Study\MiKTeX 2.9\tex\latex\oberdiek\zref-abspage.sty"
Package: zref-abspage 2016/05/21 v2.26 Module abspage for zref (HO)

("C:\Study\MiKTeX 2.9\tex\latex\oberdiek\zref-base.sty"
Package: zref-base 2016/05/21 v2.26 Module base for zref (HO)
Package zref Info: New property list: main on input line 759.
Package zref Info: New property: default on input line 760.
Package zref Info: New property: page on input line 761.
)
\c@abspage=\count341
Package zref Info: New property: abspage on input line 62.
)
("C:\Study\MiKTeX 2.9\tex\latex\needspace\needspace.sty"
Package: needspace 2010/09/12 v1.3d reserve vertical space
)
\mdf@templength=\skip80
\c@mdf@globalstyle@cnt=\count342
\mdf@skipabove@length=\skip81
\mdf@skipbelow@length=\skip82
\mdf@leftmargin@length=\skip83
\mdf@rightmargin@length=\skip84
\mdf@innerleftmargin@length=\skip85
\mdf@innerrightmargin@length=\skip86
\mdf@innertopmargin@length=\skip87
\mdf@innerbottommargin@length=\skip88
\mdf@splittopskip@length=\skip89
\mdf@splitbottomskip@length=\skip90
\mdf@outermargin@length=\skip91
\mdf@innermargin@length=\skip92
\mdf@linewidth@length=\skip93
\mdf@innerlinewidth@length=\skip94
\mdf@middlelinewidth@length=\skip95
\mdf@outerlinewidth@length=\skip96
\mdf@roundcorner@length=\skip97
\mdf@footenotedistance@length=\skip98
\mdf@userdefinedwidth@length=\skip99
\mdf@needspace@length=\skip100
\mdf@frametitleaboveskip@length=\skip101
\mdf@frametitlebelowskip@length=\skip102
\mdf@frametitlerulewidth@length=\skip103
\mdf@frametitleleftmargin@length=\skip104
\mdf@frametitlerightmargin@length=\skip105
\mdf@shadowsize@length=\skip106
\mdf@extratopheight@length=\skip107
\mdf@subtitleabovelinewidth@length=\skip108
\mdf@subtitlebelowlinewidth@length=\skip109
\mdf@subtitleaboveskip@length=\skip110
\mdf@subtitlebelowskip@length=\skip111
\mdf@subtitleinneraboveskip@length=\skip112
\mdf@subtitleinnerbelowskip@length=\skip113
\mdf@subsubtitleabovelinewidth@length=\skip114
\mdf@subsubtitlebelowlinewidth@length=\skip115
\mdf@subsubtitleaboveskip@length=\skip116
\mdf@subsubtitlebelowskip@length=\skip117
\mdf@subsubtitleinneraboveskip@length=\skip118
\mdf@subsubtitleinnerbelowskip@length=\skip119

("C:\Study\MiKTeX 2.9\tex\latex\mdframed\md-frame-1.mdf"
File: md-frame-1.mdf 2013/07/01\ 1.9b: md-frame-1
)
\mdf@frametitlebox=\box74
\mdf@footnotebox=\box75
\mdf@splitbox@one=\box76
\mdf@splitbox@two=\box77
\mdf@splitbox@save=\box78
\mdfsplitboxwidth=\skip120
\mdfsplitboxtotalwidth=\skip121
\mdfsplitboxheight=\skip122
\mdfsplitboxdepth=\skip123
\mdfsplitboxtotalheight=\skip124
\mdfframetitleboxwidth=\skip125
\mdfframetitleboxtotalwidth=\skip126
\mdfframetitleboxheight=\skip127
\mdfframetitleboxdepth=\skip128
\mdfframetitleboxtotalheight=\skip129
\mdffootnoteboxwidth=\skip130
\mdffootnoteboxtotalwidth=\skip131
\mdffootnoteboxheight=\skip132
\mdffootnoteboxdepth=\skip133
\mdffootnoteboxtotalheight=\skip134
\mdftotallinewidth=\skip135
\mdfboundingboxwidth=\skip136
\mdfboundingboxtotalwidth=\skip137
\mdfboundingboxheight=\skip138
\mdfboundingboxdepth=\skip139
\mdfboundingboxtotalheight=\skip140
\mdf@freevspace@length=\skip141
\mdf@horizontalwidthofbox@length=\skip142
\mdf@verticalmarginwhole@length=\skip143
\mdf@horizontalspaceofbox=\skip144
\mdfsubtitleheight=\skip145
\mdfsubsubtitleheight=\skip146
\c@mdfcountframes=\count343

****** mdframed patching \endmdf@trivlist

****** -- failed******

.................................................
. LaTeX info: "xparse/define-command"
. 
. Defining command \newmdtheoremenv with sig. 'O{} m o m o ' on line 601.
.................................................
.................................................
. LaTeX info: "xparse/define-command"
. 
. Defining command \mdtheorem with sig. ' O{} m o m o ' on line 701.
.................................................
\mdf@envdepth=\count344
\c@mdf@env@i=\count345
\c@mdf@env@ii=\count346
\c@mdf@zref@counter=\count347
Package zref Info: New property: mdf@pagevalue on input line 895.
)
("C:\Study\MiKTeX 2.9\tex\generic\pgf\frontendlayer\tikz\libraries\tikzlibrarys
hadows.code.tex"
File: tikzlibraryshadows.code.tex 2008/01/13 v3.0.1a (rcs-revision 1.3)

("C:\Study\MiKTeX 2.9\tex\generic\pgf\frontendlayer\tikz\libraries\tikzlibraryf
adings.code.tex"
File: tikzlibraryfadings.code.tex 2009/11/15 v3.0.1a (rcs-revision 1.2)

("C:\Study\MiKTeX 2.9\tex\generic\pgf\libraries\pgflibraryfadings.code.tex"
File: pgflibraryfadings.code.tex 2008/02/07 v3.0.1a (rcs-revision 1.3)
)))
("C:\Study\MiKTeX 2.9\tex\generic\pgf\frontendlayer\tikz\libraries\tikzlibraryd
ecorations.pathmorphing.code.tex"
("C:\Study\MiKTeX 2.9\tex\generic\pgf\frontendlayer\tikz\libraries\tikzlibraryd
ecorations.code.tex"
("C:\Study\MiKTeX 2.9\tex\generic\pgf\modules\pgfmoduledecorations.code.tex"
\pgfdecoratedcompleteddistance=\dimen306
\pgfdecoratedremainingdistance=\dimen307
\pgfdecoratedinputsegmentcompleteddistance=\dimen308
\pgfdecoratedinputsegmentremainingdistance=\dimen309
\pgf@decorate@distancetomove=\dimen310
\pgf@decorate@repeatstate=\count348
\pgfdecorationsegmentamplitude=\dimen311
\pgfdecorationsegmentlength=\dimen312
)
\tikz@lib@dec@box=\box79
)
("C:\Study\MiKTeX 2.9\tex\generic\pgf\libraries\decorations\pgflibrarydecoratio
ns.pathmorphing.code.tex"))
\c@bclogocompteur=\count349
\bcval@epBarre=\skip147
\bcval@framesep=\skip148
\bcval@tailleOndu=\skip149
\bcval@borderWidth=\skip150
\bcval@margeG=\skip151
\bcval@margeD=\skip152
\bc@envbox=\box80
)

Package hyperref Warning: Token not allowed in a PDF string (PDFDocEncoding):
(hyperref)                removing `\\' on input line 90.


Package hyperref Warning: Token not allowed in a PDF string (PDFDocEncoding):
(hyperref)                removing `\\' on input line 90.

(Savvysherpa-05-03-18.aux

Package natbib Warning: Citation `DrtonPerlman07' multiply defined.


Package natbib Warning: Citation `FreyHinton99' multiply defined.


Package natbib Warning: Citation `GligPrzulj15' multiply defined.


Package natbib Warning: Citation `GuoEtal11' multiply defined.


Package natbib Warning: Citation `LinEtal16' multiply defined.


Package natbib Warning: Citation `Liu17' multiply defined.


Package natbib Warning: Citation `MaMichailidis15' multiply defined.


Package natbib Warning: Citation `MeisenBuhlmann06' multiply defined.


Package natbib Warning: Citation `RezendeEtal14' multiply defined.

)
\openout1 = `Savvysherpa-05-03-18.aux'.

LaTeX Font Info:    Checking defaults for OML/cmm/m/it on input line 108.
LaTeX Font Info:    ... okay on input line 108.
LaTeX Font Info:    Checking defaults for T1/cmr/m/n on input line 108.
LaTeX Font Info:    ... okay on input line 108.
LaTeX Font Info:    Checking defaults for OT1/cmr/m/n on input line 108.
LaTeX Font Info:    ... okay on input line 108.
LaTeX Font Info:    Checking defaults for OMS/cmsy/m/n on input line 108.
LaTeX Font Info:    ... okay on input line 108.
LaTeX Font Info:    Checking defaults for OMX/cmex/m/n on input line 108.
LaTeX Font Info:    ... okay on input line 108.
LaTeX Font Info:    Checking defaults for U/cmr/m/n on input line 108.
LaTeX Font Info:    ... okay on input line 108.
LaTeX Font Info:    Checking defaults for PD1/pdf/m/n on input line 108.
LaTeX Font Info:    ... okay on input line 108.
LaTeX Font Info:    Try loading font information for T1+phv on input line 108.
 ("C:\Study\MiKTeX 2.9\tex\latex\psnfss\t1phv.fd"
File: t1phv.fd 2001/06/04 scalable font definitions for T1/phv.
)
*geometry* driver: auto-detecting
*geometry* detected driver: pdftex
*geometry* verbose mode - [ preamble ] result:
* driver: pdftex
* paper: custom
* layout: <same size as paper>
* layoutoffset:(h,v)=(0.0pt,0.0pt)
* modes: includehead includefoot 
* h-part:(L,W,R)=(10.00002pt, 344.19533pt, 10.00002pt)
* v-part:(T,H,B)=(0.0pt, 273.14662pt, 0.0pt)
* \paperwidth=364.19536pt
* \paperheight=273.14662pt
* \textwidth=344.19533pt
* \textheight=244.6939pt
* \oddsidemargin=-62.26997pt
* \evensidemargin=-62.26997pt
* \topmargin=-72.26999pt
* \headheight=14.22636pt
* \headsep=0.0pt
* \topskip=10.0pt
* \footskip=14.22636pt
* \marginparwidth=3.0pt
* \marginparsep=11.0pt
* \columnsep=10.0pt
* \skip\footins=9.0pt plus 4.0pt minus 2.0pt
* \hoffset=0.0pt
* \voffset=0.0pt
* \mag=1000
* \@twocolumnfalse
* \@twosidefalse
* \@mparswitchfalse
* \@reversemarginfalse
* (1in=72.27pt=25.4mm, 1cm=28.453pt)

("C:\Study\MiKTeX 2.9\tex\context\base\supp-pdf.mkii"
[Loading MPS to PDF converter (version 2006.09.02).]
\scratchcounter=\count350
\scratchdimen=\dimen313
\scratchbox=\box81
\nofMPsegments=\count351
\nofMParguments=\count352
\everyMPshowfont=\toks54
\MPscratchCnt=\count353
\MPscratchDim=\dimen314
\MPnumerator=\count354
\makeMPintoPDFobject=\count355
\everyMPtoPDFconversion=\toks55
) ("C:\Study\MiKTeX 2.9\tex\latex\oberdiek\epstopdf-base.sty"
Package: epstopdf-base 2016/05/15 v2.6 Base part for package epstopdf

("C:\Study\MiKTeX 2.9\tex\latex\oberdiek\grfext.sty"
Package: grfext 2016/05/16 v1.2 Manage graphics extensions (HO)
)
Package epstopdf-base Info: Redefining graphics rule for `.eps' on input line 4
38.
Package grfext Info: Graphics extension search list:
(grfext)             [.mps,.pdf,.png,.jpg,.mps,.jpeg,.jbig2,.jb2,.PDF,.PNG,.JPG
,.JPEG,.JBIG2,.JB2,.eps]
(grfext)             \AppendGraphicsExtensions on input line 456.
)
ABD: EveryShipout initializing macros
\AtBeginShipoutBox=\box82
Package hyperref Info: Link coloring ON on input line 108.

("C:\Study\MiKTeX 2.9\tex\latex\hyperref\nameref.sty"
Package: nameref 2016/05/21 v2.44 Cross-referencing by name of section

("C:\Study\MiKTeX 2.9\tex\generic\oberdiek\gettitlestring.sty"
Package: gettitlestring 2016/05/16 v1.5 Cleanup title references (HO)
)
\c@section@level=\count356
)
LaTeX Info: Redefining \ref on input line 108.
LaTeX Info: Redefining \pageref on input line 108.
LaTeX Info: Redefining \nameref on input line 108.

(Savvysherpa-05-03-18.out) (Savvysherpa-05-03-18.out)
\@outlinefile=\write6
\openout6 = `Savvysherpa-05-03-18.out'.

LaTeX Font Info:    Overwriting symbol font `operators' in version `normal'
(Font)                  OT1/cmr/m/n --> OT1/cmss/m/n on input line 108.
LaTeX Font Info:    Overwriting symbol font `operators' in version `bold'
(Font)                  OT1/cmr/bx/n --> OT1/cmss/bx/n on input line 108.
\symnumbers=\mathgroup6
\sympureletters=\mathgroup7
LaTeX Font Info:    Overwriting math alphabet `\mathrm' in version `normal'
(Font)                  OT1/cmss/m/n --> T1/ptm/m/n on input line 108.
LaTeX Font Info:    Redeclaring math alphabet \mathbf on input line 108.
LaTeX Font Info:    Overwriting math alphabet `\mathbf' in version `normal'
(Font)                  OT1/cmr/bx/n --> T1/phv/bx/n on input line 108.
LaTeX Font Info:    Overwriting math alphabet `\mathbf' in version `bold'
(Font)                  OT1/cmr/bx/n --> T1/phv/bx/n on input line 108.
LaTeX Font Info:    Redeclaring math alphabet \mathsf on input line 108.
LaTeX Font Info:    Overwriting math alphabet `\mathsf' in version `normal'
(Font)                  OT1/cmss/m/n --> T1/phv/m/n on input line 108.
LaTeX Font Info:    Overwriting math alphabet `\mathsf' in version `bold'
(Font)                  OT1/cmss/bx/n --> T1/phv/m/n on input line 108.
LaTeX Font Info:    Redeclaring math alphabet \mathit on input line 108.
LaTeX Font Info:    Overwriting math alphabet `\mathit' in version `normal'
(Font)                  OT1/cmr/m/it --> T1/phv/m/it on input line 108.
LaTeX Font Info:    Overwriting math alphabet `\mathit' in version `bold'
(Font)                  OT1/cmr/bx/it --> T1/phv/m/it on input line 108.
LaTeX Font Info:    Redeclaring math alphabet \mathtt on input line 108.
LaTeX Font Info:    Overwriting math alphabet `\mathtt' in version `normal'
(Font)                  OT1/cmtt/m/n --> T1/pcr/m/n on input line 108.
LaTeX Font Info:    Overwriting math alphabet `\mathtt' in version `bold'
(Font)                  OT1/cmtt/m/n --> T1/pcr/m/n on input line 108.
LaTeX Font Info:    Overwriting symbol font `numbers' in version `bold'
(Font)                  T1/phv/m/n --> T1/phv/bx/n on input line 108.
LaTeX Font Info:    Overwriting symbol font `pureletters' in version `bold'
(Font)                  T1/phv/m/it --> T1/phv/bx/it on input line 108.
LaTeX Font Info:    Overwriting math alphabet `\mathrm' in version `bold'
(Font)                  OT1/cmss/bx/n --> T1/ptm/bx/n on input line 108.
LaTeX Font Info:    Overwriting math alphabet `\mathbf' in version `bold'
(Font)                  T1/phv/bx/n --> T1/phv/bx/n on input line 108.
LaTeX Font Info:    Overwriting math alphabet `\mathsf' in version `bold'
(Font)                  T1/phv/m/n --> T1/phv/bx/n on input line 108.
LaTeX Font Info:    Overwriting math alphabet `\mathit' in version `bold'
(Font)                  T1/phv/m/it --> T1/phv/bx/it on input line 108.
LaTeX Font Info:    Overwriting math alphabet `\mathtt' in version `bold'
(Font)                  T1/pcr/m/n --> T1/pcr/bx/n on input line 108.

("C:\Study\MiKTeX 2.9\tex\latex\translator\translator-basic-dictionary-English.
dict"
Dictionary: translator-basic-dictionary, Language: English 
)
("C:\Study\MiKTeX 2.9\tex\latex\translator\translator-bibliography-dictionary-E
nglish.dict"
Dictionary: translator-bibliography-dictionary, Language: English 
)
("C:\Study\MiKTeX 2.9\tex\latex\translator\translator-environment-dictionary-En
glish.dict"
Dictionary: translator-environment-dictionary, Language: English 
)
("C:\Study\MiKTeX 2.9\tex\latex\translator\translator-months-dictionary-English
.dict"
Dictionary: translator-months-dictionary, Language: English 
)
("C:\Study\MiKTeX 2.9\tex\latex\translator\translator-numbers-dictionary-Englis
h.dict"
Dictionary: translator-numbers-dictionary, Language: English 
)
("C:\Study\MiKTeX 2.9\tex\latex\translator\translator-theorem-dictionary-Englis
h.dict"
Dictionary: translator-theorem-dictionary, Language: English 
)
Package caption Info: Begin \AtBeginDocument code.
Package caption Info: End \AtBeginDocument code.
 (Savvysherpa-05-03-18.nav)
LaTeX Font Info:    Font shape `T1/phv/bx/n' in size <10> not available
(Font)              Font shape `T1/phv/b/n' tried instead on input line 112.
LaTeX Font Info:    Font shape `T1/phv/bx/n' in size <14.4> not available
(Font)              Font shape `T1/phv/b/n' tried instead on input line 112.
 [1

{C:/Users/Subho/AppData/Local/MiKTeX/2.9/pdftex/config/pdftex.map}]
LaTeX Font Info:    Font shape `T1/phv/m/it' in size <10> not available
(Font)              Font shape `T1/phv/m/sl' tried instead on input line 127.
 [2

]
<multi-omics2.jpg, id=94, 239.79185pt x 180.96408pt>
File: multi-omics2.jpg Graphic file (type jpg)
<use multi-omics2.jpg>
Package pdftex.def Info: multi-omics2.jpg  used on input line 140.
(pdftex.def)             Requested size: 309.77368pt x 233.78702pt.
 [3

 <./multi-omics2.jpg>]
<multi-omics.png, id=101, 143.5764pt x 172.7253pt>
File: multi-omics.png Graphic file (type png)
<use multi-omics.png>
Package pdftex.def Info: multi-omics.png  used on input line 153.
(pdftex.def)             Requested size: 195.0006pt x 234.58157pt.
 [4

 <./multi-omics.png>]
LaTeX Font Info:    Try loading font information for U+msa on input line 180.
("C:\Study\MiKTeX 2.9\tex\latex\amsfonts\umsa.fd"
File: umsa.fd 2013/01/14 v3.01 AMS symbols A
)
LaTeX Font Info:    Try loading font information for U+msb on input line 180.

("C:\Study\MiKTeX 2.9\tex\latex\amsfonts\umsb.fd"
File: umsb.fd 2013/01/14 v3.01 AMS symbols B
)
LaTeX Font Info:    Font shape `T1/phv/m/it' in size <7> not available
(Font)              Font shape `T1/phv/m/sl' tried instead on input line 180.
LaTeX Font Info:    Font shape `T1/phv/m/it' in size <5> not available
(Font)              Font shape `T1/phv/m/sl' tried instead on input line 180.
<multi-omics1.png, id=110, 100.9371pt x 172.7253pt>
File: multi-omics1.png Graphic file (type png)
<use multi-omics1.png>
Package pdftex.def Info: multi-omics1.png  used on input line 180.
(pdftex.def)             Requested size: 68.83801pt x 117.80481pt.
File: multi-omics1.png Graphic file (type png)
<use multi-omics1.png>
Package pdftex.def Info: multi-omics1.png  used on input line 180.
(pdftex.def)             Requested size: 68.83801pt x 117.80481pt.
File: multi-omics1.png Graphic file (type png)
<use multi-omics1.png>
Package pdftex.def Info: multi-omics1.png  used on input line 180.
(pdftex.def)             Requested size: 68.83801pt x 117.80481pt.
<liver.png, id=111, 481.8pt x 361.35pt>
File: liver.png Graphic file (type png)
<use liver.png>
Package pdftex.def Info: liver.png  used on input line 180.
(pdftex.def)             Requested size: 68.83801pt x 51.62523pt.
<kidney.png, id=112, 151.3153pt x 141.52875pt>
File: kidney.png Graphic file (type png)
<use kidney.png>
Package pdftex.def Info: kidney.png  used on input line 180.
(pdftex.def)             Requested size: 68.83801pt x 64.38487pt.
<lungs.jpg, id=113, 108.405pt x 93.7101pt>
File: lungs.jpg Graphic file (type jpg)
<use lungs.jpg>
Package pdftex.def Info: lungs.jpg  used on input line 180.
(pdftex.def)             Requested size: 68.83801pt x 59.50954pt.

Overfull \vbox (16.97864pt too high) detected at line 180
 []

[5

 <./multi-omics1.png> <./liver.png> <./kidney.png> <./lungs.jpg>]
<precision-medicine.png, id=121, 922.94812pt x 411.03563pt>
File: precision-medicine.png Graphic file (type png)
<use precision-medicine.png>
Package pdftex.def Info: precision-medicine.png  used on input line 190.
(pdftex.def)             Requested size: 309.77368pt x 137.9565pt.
 [6

 <./precision-medicine.png>]
File: multi-omics1.png Graphic file (type png)
<use multi-omics1.png>
Package pdftex.def Info: multi-omics1.png  used on input line 216.
(pdftex.def)             Requested size: 68.83801pt x 117.80481pt.
File: multi-omics1.png Graphic file (type png)
<use multi-omics1.png>
Package pdftex.def Info: multi-omics1.png  used on input line 216.
(pdftex.def)             Requested size: 68.83801pt x 117.80481pt.
File: multi-omics1.png Graphic file (type png)
<use multi-omics1.png>
Package pdftex.def Info: multi-omics1.png  used on input line 216.
(pdftex.def)             Requested size: 68.83801pt x 117.80481pt.
<profile1.png, id=129, 140.02313pt x 102.3825pt>
File: profile1.png Graphic file (type png)
<use profile1.png>
Package pdftex.def Info: profile1.png  used on input line 216.
(pdftex.def)             Requested size: 68.83801pt x 50.33502pt.
<profile2.png, id=130, 137.01187pt x 100.87688pt>
File: profile2.png Graphic file (type png)
<use profile2.png>
Package pdftex.def Info: profile2.png  used on input line 216.
(pdftex.def)             Requested size: 68.83801pt x 50.68304pt.
<profile3.png, id=131, 140.77594pt x 103.13531pt>
File: profile3.png Graphic file (type png)
<use profile3.png>
Package pdftex.def Info: profile3.png  used on input line 216.
(pdftex.def)             Requested size: 68.83801pt x 50.43286pt.
 [7

 <./profile1.png> <./profile2.png> <./profile3.png>]
[8

] (Savvysherpa-05-03-18.toc
LaTeX Font Info:    Font shape `T1/phv/bx/n' in size <5> not available
(Font)              Font shape `T1/phv/b/n' tried instead on input line 2.
LaTeX Font Info:    Font shape `T1/phv/bx/n' in size <7> not available
(Font)              Font shape `T1/phv/b/n' tried instead on input line 2.
) [9

] (Savvysherpa-05-03-18.toc) [10

]
<formulation_2.png, id=181, 574.39594pt x 610.53094pt>
File: formulation_2.png Graphic file (type png)
<use formulation_2.png>
Package pdftex.def Info: formulation_2.png  used on input line 258.
(pdftex.def)             Requested size: 137.67603pt x 146.33478pt.
 [11

 <./formulation_2.png>]
File: formulation_2.png Graphic file (type png)
<use formulation_2.png>
Package pdftex.def Info: formulation_2.png  used on input line 288.
(pdftex.def)             Requested size: 86.04883pt x 91.45457pt.
<formulation_3.png, id=198, 574.39594pt x 609.77812pt>
File: formulation_3.png Graphic file (type png)
<use formulation_3.png>
Package pdftex.def Info: formulation_3.png  used on input line 288.
(pdftex.def)             Requested size: 86.04883pt x 91.34181pt.
<formulation_4.png, id=199, 574.39594pt x 610.53094pt>
File: formulation_4.png Graphic file (type png)
<use formulation_4.png>
Package pdftex.def Info: formulation_4.png  used on input line 288.
(pdftex.def)             Requested size: 86.04883pt x 91.45457pt.
 [12

 <./formulation_3.png> <./formulation_4.png>]
<multilayer.pdf, id=217, 119.25554pt x 165.02654pt>
File: multilayer.pdf Graphic file (type pdf)
<use multilayer.pdf>
Package pdftex.def Info: multilayer.pdf  used on input line 326.
(pdftex.def)             Requested size: 131.85658pt x 182.45277pt.
 [13

 <./multilayer.pdf>]
File: multilayer.pdf Graphic file (type pdf)
<use multilayer.pdf>
Package pdftex.def Info: multilayer.pdf  used on input line 326.
(pdftex.def)             Requested size: 131.85658pt x 182.45277pt.
 [14

]
File: multilayer.pdf Graphic file (type pdf)
<use multilayer.pdf>
Package pdftex.def Info: multilayer.pdf  used on input line 326.
(pdftex.def)             Requested size: 131.85658pt x 182.45277pt.
 [15

]
<multi2layer.pdf, id=246, 408.01433pt x 179.24968pt>
File: multi2layer.pdf Graphic file (type pdf)
<use multi2layer.pdf>
Package pdftex.def Info: multi2layer.pdf  used on input line 348.
(pdftex.def)             Requested size: 309.77368pt x 136.09439pt.
 [16

 <./multi2layer.pdf>]
File: multi2layer.pdf Graphic file (type pdf)
<use multi2layer.pdf>
Package pdftex.def Info: multi2layer.pdf  used on input line 348.
(pdftex.def)             Requested size: 309.77368pt x 136.09439pt.
 [17

]
LaTeX Font Info:    Font shape `T1/phv/bx/n' in size <9> not available
(Font)              Font shape `T1/phv/b/n' tried instead on input line 379.
LaTeX Font Info:    Font shape `T1/phv/bx/n' in size <6> not available
(Font)              Font shape `T1/phv/b/n' tried instead on input line 379.
LaTeX Font Info:    Font shape `T1/phv/m/it' in size <9> not available
(Font)              Font shape `T1/phv/m/sl' tried instead on input line 379.
LaTeX Font Info:    Font shape `T1/phv/m/it' in size <6> not available
(Font)              Font shape `T1/phv/m/sl' tried instead on input line 379.
 [18

] [19

] [20

] [21

] [22

]
[23

] [24

] [25

] [26

] [27

] [28

] (Savvysherpa-05-03-18.toc) [29

]
LaTeX Font Info:    Font shape `T1/phv/bx/it' in size <10> not available
(Font)              Font shape `T1/phv/b/it' tried instead on input line 426.
LaTeX Font Info:    Font shape `T1/phv/b/it' in size <10> not available
(Font)              Font shape `T1/phv/b/sl' tried instead on input line 426.
LaTeX Font Info:    Font shape `T1/phv/bx/it' in size <7> not available
(Font)              Font shape `T1/phv/b/it' tried instead on input line 426.
LaTeX Font Info:    Font shape `T1/phv/b/it' in size <7> not available
(Font)              Font shape `T1/phv/b/sl' tried instead on input line 426.
LaTeX Font Info:    Font shape `T1/phv/bx/it' in size <5> not available
(Font)              Font shape `T1/phv/b/it' tried instead on input line 426.
LaTeX Font Info:    Font shape `T1/phv/b/it' in size <5> not available
(Font)              Font shape `T1/phv/b/sl' tried instead on input line 426.
 [30

] [31

]
[32

] [33

] (Savvysherpa-05-03-18.toc) [34

] [35

] [36

] [37

] [38

] [39

]
<multitwolayer_j.pdf, id=442, 408.01433pt x 108.12395pt>
File: multitwolayer_j.pdf Graphic file (type pdf)
<use multitwolayer_j.pdf>
Package pdftex.def Info: multitwolayer_j.pdf  used on input line 496.
(pdftex.def)             Requested size: 309.77368pt x 82.09254pt.
 [40

 <./multitwolayer_j.pdf>]
File: multitwolayer_j.pdf Graphic file (type pdf)
<use multitwolayer_j.pdf>
Package pdftex.def Info: multitwolayer_j.pdf  used on input line 496.
(pdftex.def)             Requested size: 309.77368pt x 82.09254pt.
 [41

]
File: multitwolayer_j.pdf Graphic file (type pdf)
<use multitwolayer_j.pdf>
Package pdftex.def Info: multitwolayer_j.pdf  used on input line 496.
(pdftex.def)             Requested size: 309.77368pt x 82.09254pt.
 [42

]
File: multitwolayer_j.pdf Graphic file (type pdf)
<use multitwolayer_j.pdf>
Package pdftex.def Info: multitwolayer_j.pdf  used on input line 496.
(pdftex.def)             Requested size: 309.77368pt x 82.09254pt.
 [43

]
File: multitwolayer_j.pdf Graphic file (type pdf)
<use multitwolayer_j.pdf>
Package pdftex.def Info: multitwolayer_j.pdf  used on input line 496.
(pdftex.def)             Requested size: 309.77368pt x 82.09254pt.
 [44

]
<multitwolayer.pdf, id=484, 408.01433pt x 108.12395pt>
File: multitwolayer.pdf Graphic file (type pdf)
<use multitwolayer.pdf>
Package pdftex.def Info: multitwolayer.pdf  used on input line 523.
(pdftex.def)             Requested size: 309.77368pt x 82.09254pt.
 [45

 <./multitwolayer.pdf>]
File: multitwolayer.pdf Graphic file (type pdf)
<use multitwolayer.pdf>
Package pdftex.def Info: multitwolayer.pdf  used on input line 523.
(pdftex.def)             Requested size: 309.77368pt x 82.09254pt.
 [46

]
File: multitwolayer.pdf Graphic file (type pdf)
<use multitwolayer.pdf>
Package pdftex.def Info: multitwolayer.pdf  used on input line 523.
(pdftex.def)             Requested size: 309.77368pt x 82.09254pt.
 [47

]
File: multitwolayer.pdf Graphic file (type pdf)
<use multitwolayer.pdf>
Package pdftex.def Info: multitwolayer.pdf  used on input line 523.
(pdftex.def)             Requested size: 309.77368pt x 82.09254pt.

[48

] [49

] [50

] [51

] [52

] [53

] [54

] (Savvysherpa-05-03-18.toc) [55

] [56

]
[57

] [58

] [59

] [60

] [61

] [62

] [63

] [64

] [65

] [66

] [67

] [68

]
(Savvysherpa-05-03-18.toc) [69

] [70

] [71

]
Overfull \hbox (0.41032pt too wide) in paragraph at lines 849--849
[][]  
 []

[72

] [73

] [74

] [75

] [76

] (Savvysherpa-05-03-18.toc) [77

]
<latentmultilayer.pdf, id=718, 121.21284pt x 165.02654pt>
File: latentmultilayer.pdf Graphic file (type pdf)
<use latentmultilayer.pdf>
Package pdftex.def Info: latentmultilayer.pdf  used on input line 996.
(pdftex.def)             Requested size: 134.02069pt x 182.45277pt.
 [78

 <./latentmultilayer.pdf>]
File: latentmultilayer.pdf Graphic file (type pdf)
<use latentmultilayer.pdf>
Package pdftex.def Info: latentmultilayer.pdf  used on input line 996.
(pdftex.def)             Requested size: 134.02069pt x 182.45277pt.
 [79

]
File: latentmultilayer.pdf Graphic file (type pdf)
<use latentmultilayer.pdf>
Package pdftex.def Info: latentmultilayer.pdf  used on input line 996.
(pdftex.def)             Requested size: 134.02069pt x 182.45277pt.
 [80

] [81

]
<latentinteractions.pdf, id=754, 382.97078pt x 165.02654pt>
File: latentinteractions.pdf Graphic file (type pdf)
<use latentinteractions.pdf>
Package pdftex.def Info: latentinteractions.pdf  used on input line 1031.
(pdftex.def)             Requested size: 240.93567pt x 103.82121pt.
 [82

 <./latentinteractions.pdf>]
File: latentinteractions.pdf Graphic file (type pdf)
<use latentinteractions.pdf>
Package pdftex.def Info: latentinteractions.pdf  used on input line 1031.
(pdftex.def)             Requested size: 240.93567pt x 103.82121pt.
 [83

] [84

] [85

] [86

]
[87

]
LaTeX Font Info:    Try loading font information for T1+pcr on input line 1063.

 ("C:\Study\MiKTeX 2.9\tex\latex\psnfss\t1pcr.fd"
File: t1pcr.fd 2001/06/04 font definitions for T1/pcr.
)
(Savvysherpa-05-03-18.bbl) [88

] (Savvysherpa-05-03-18.bblpdfTeX warning (ext4): destination with the same ide
ntifier (name{cite.DrtonPerlman07}) has been already used, duplicate ignored
<to be read again> 
                   \relax 
l.3 ...em[Drton and Perlman, 2007]{DrtonPerlman07}
                                                  pdfTeX warning (ext4): destin
ation with the same identifier (name{cite.FreyHinton99}) has been already used,
 duplicate ignored
<to be read again> 
                   \relax 
l.9 \bibitem[Frey and Hinton, 1999]{FreyHinton99}
                                                 pdfTeX warning (ext4): destina
tion with the same identifier (name{cite.GligPrzulj15}) has been already used, 
duplicate ignored
<to be read again> 
                   \relax 
l.14 ...{c}} and {Pr\v{z}ulj}, 2015]{GligPrzulj15}
                                                  pdfTeX warning (ext4): destin
ation with the same identifier (name{cite.GuoEtal11}) has been already used, du
plicate ignored
<to be read again> 
                   \relax 
l.19 \bibitem[Guo et~al., 2011]{GuoEtal11}
                                          pdfTeX warning (ext4): destination wi
th the same identifier (name{cite.LinEtal16}) has been already used, duplicate 
ignored
<to be read again> 
                   \relax 
l.24 \bibitem[Lin et~al., 2016]{LinEtal16}
                                          pdfTeX warning (ext4): destination wi
th the same identifier (name{cite.Liu17}) has been already used, duplicate igno
red
<to be read again> 
                   \relax 
l.30 \bibitem[Liu, 2017]{Liu17}
                               pdfTeX warning (ext4): destination with the same
 identifier (name{cite.MaMichailidis15}) has been already used, duplicate ignor
ed
<to be read again> 
                   \relax 
l.36 ...Ma and Michailidis, 2016]{MaMichailidis15}
                                                  pdfTeX warning (ext4): destin
ation with the same identifier (name{cite.MeisenBuhlmann06}) has been already u
sed, duplicate ignored
<to be read again> 
                   \relax 
l.41 ...nd {B\"{u}hlmann}, 2006]{MeisenBuhlmann06}
                                                  pdfTeX warning (ext4): destin
ation with the same identifier (name{cite.RezendeEtal14}) has been already used
, duplicate ignored
<to be read again> 
                   \relax 
l.46 \bibitem[Rezende et~al., 2014]{RezendeEtal14}
                                                  ) [89

]
LaTeX Font Info:    Font shape `T1/phv/bx/n' in size <20.74> not available
(Font)              Font shape `T1/phv/b/n' tried instead on input line 1074.
 [90

]
\tf@nav=\write7
\openout7 = `Savvysherpa-05-03-18.nav'.

\tf@toc=\write8
\openout8 = `Savvysherpa-05-03-18.toc'.

\tf@snm=\write9
\openout9 = `Savvysherpa-05-03-18.snm'.



Package natbib Warning: There were multiply defined citations.

Package atveryend Info: Empty hook `BeforeClearDocument' on input line 1076.
Package atveryend Info: Empty hook `AfterLastShipout' on input line 1076.
(Savvysherpa-05-03-18.aux)
Package atveryend Info: Executing hook `AtVeryEndDocument' on input line 1076.
Package atveryend Info: Executing hook `AtEndAfterFileList' on input line 1076.

Package rerunfilecheck Info: File `Savvysherpa-05-03-18.out' has not changed.
(rerunfilecheck)             Checksum: 9B99C5CC73C78C5219EA957EC73CA920;467.
 ) 
Here is how much of TeX's memory you used:
 33854 strings out of 493305
 660443 string characters out of 3142330
 736800 words of memory out of 3000000
 36540 multiletter control sequences out of 15000+200000
 599384 words of font info for 98 fonts, out of 3000000 for 9000
 1141 hyphenation exceptions out of 8191
 58i,17n,82p,10479b,740s stack positions out of 5000i,500n,10000p,200000b,50000s
{C:/Study/MiKTeX 2.9/fonts/enc/dvips/base/8r.enc}<C:/Study/MiKTeX 2.9/fonts/t
ype1/public/amsfonts/cm/cmbx10.pfb><C:/Study/MiKTeX 2.9/fonts/type1/public/amsf
onts/cm/cmex10.pfb><C:/Study/MiKTeX 2.9/fonts/type1/public/amsfonts/cm/cmmi10.p
fb><C:/Study/MiKTeX 2.9/fonts/type1/public/amsfonts/cm/cmmi7.pfb><C:/Study/MiKT
eX 2.9/fonts/type1/public/amsfonts/cm/cmmi9.pfb><C:/Study/MiKTeX 2.9/fonts/type
1/public/amsfonts/cm/cmmib10.pfb><C:/Study/MiKTeX 2.9/fonts/type1/public/amsfon
ts/cmextra/cmmib7.pfb><C:/Study/MiKTeX 2.9/fonts/type1/public/amsfonts/cm/cmr10
.pfb><C:/Study/MiKTeX 2.9/fonts/type1/public/amsfonts/cm/cmr7.pfb><C:/Study/MiK
TeX 2.9/fonts/type1/public/amsfonts/cm/cmss10.pfb><C:/Study/MiKTeX 2.9/fonts/ty
pe1/public/amsfonts/cm/cmss8.pfb><C:/Study/MiKTeX 2.9/fonts/type1/public/amsfon
ts/cm/cmss9.pfb><C:/Study/MiKTeX 2.9/fonts/type1/public/amsfonts/cm/cmsy10.pfb>
<C:/Study/MiKTeX 2.9/fonts/type1/public/amsfonts/cm/cmsy5.pfb><C:/Study/MiKTeX 
2.9/fonts/type1/public/amsfonts/cm/cmsy7.pfb><C:/Study/MiKTeX 2.9/fonts/type1/p
ublic/amsfonts/cm/cmsy9.pfb><C:/Study/MiKTeX 2.9/fonts/type1/public/amsfonts/sy
mbols/msbm10.pfb><C:/Study/MiKTeX 2.9/fonts/type1/urw/courier/ucrr8a.pfb><C:/St
udy/MiKTeX 2.9/fonts/type1/urw/helvetic/uhvb8a.pfb><C:/Study/MiKTeX 2.9/fonts/t
ype1/urw/helvetic/uhvr8a.pfb><C:/Study/MiKTeX 2.9/fonts/type1/urw/helvetic/uhvr
o8a.pfb>
Output written on Savvysherpa-05-03-18.pdf (90 pages, 1948892 bytes).
PDF statistics:
 922 PDF objects out of 1000 (max. 8388607)
 198 named destinations out of 1000 (max. 500000)
 364 words of extra memory for PDF output out of 10000 (max. 10000000)

