This is pdfTeX, Version 3.14159265-2.6-1.40.20 (MiKTeX 2.9.7250 64-bit) (preloaded format=pdflatex 2020.9.25)  16 JUN 2021 18:43
entering extended mode
**./jmmle-draft.tex
(jmmle-draft.tex
LaTeX2e <2019-10-01> patch level 3
("C:\Program Files\LaTeX\MiKTeX 2.9\tex/latex/base\article.cls"
Document Class: article 2019/10/25 v1.4k Standard LaTeX document class
("C:\Program Files\LaTeX\MiKTeX 2.9\tex/latex/base\size11.clo"
File: size11.clo 2019/10/25 v1.4k Standard LaTeX file (size option)
)
\c@part=\count80
\c@section=\count81
\c@subsection=\count82
\c@subsubsection=\count83
\c@paragraph=\count84
\c@subparagraph=\count85
\c@figure=\count86
\c@table=\count87
\abovecaptionskip=\skip41
\belowcaptionskip=\skip42
\bibindent=\dimen102
)
(mycommands1.sty)
("C:\Program Files\LaTeX\MiKTeX 2.9\tex/latex/amsfonts\amssymb.sty"
Package: amssymb 2013/01/14 v3.01 AMS font symbols

("C:\Program Files\LaTeX\MiKTeX 2.9\tex/latex/amsfonts\amsfonts.sty"
Package: amsfonts 2013/01/14 v3.01 Basic AMSFonts support
\@emptytoks=\toks14
\symAMSa=\mathgroup4
\symAMSb=\mathgroup5
LaTeX Font Info:    Redeclaring math symbol \hbar on input line 98.
LaTeX Font Info:    Overwriting math alphabet `\mathfrak' in version `bold'
(Font)                  U/euf/m/n --> U/euf/b/n on input line 106.
))
("C:\Program Files\LaTeX\MiKTeX 2.9\tex/latex/amsmath\amsmath.sty"
Package: amsmath 2019/11/16 v2.17d AMS math features
\@mathmargin=\skip43

For additional information on amsmath, use the `?' option.
("C:\Program Files\LaTeX\MiKTeX 2.9\tex/latex/amsmath\amstext.sty"
Package: amstext 2000/06/29 v2.01 AMS text

("C:\Program Files\LaTeX\MiKTeX 2.9\tex/latex/amsmath\amsgen.sty"
File: amsgen.sty 1999/11/30 v2.0 generic functions
\@emptytoks=\toks15
\ex@=\dimen103
))
("C:\Program Files\LaTeX\MiKTeX 2.9\tex/latex/amsmath\amsbsy.sty"
Package: amsbsy 1999/11/29 v1.2d Bold Symbols
\pmbraise@=\dimen104
)
("C:\Program Files\LaTeX\MiKTeX 2.9\tex/latex/amsmath\amsopn.sty"
Package: amsopn 2016/03/08 v2.02 operator names
)
\inf@bad=\count88
LaTeX Info: Redefining \frac on input line 227.
\uproot@=\count89
\leftroot@=\count90
LaTeX Info: Redefining \overline on input line 389.
\classnum@=\count91
\DOTSCASE@=\count92
LaTeX Info: Redefining \ldots on input line 486.
LaTeX Info: Redefining \dots on input line 489.
LaTeX Info: Redefining \cdots on input line 610.
\Mathstrutbox@=\box27
\strutbox@=\box28
\big@size=\dimen105
LaTeX Font Info:    Redeclaring font encoding OML on input line 733.
LaTeX Font Info:    Redeclaring font encoding OMS on input line 734.
\macc@depth=\count93
\c@MaxMatrixCols=\count94
\dotsspace@=\muskip10
\c@parentequation=\count95
\dspbrk@lvl=\count96
\tag@help=\toks16
\row@=\count97
\column@=\count98
\maxfields@=\count99
\andhelp@=\toks17
\eqnshift@=\dimen106
\alignsep@=\dimen107
\tagshift@=\dimen108
\tagwidth@=\dimen109
\totwidth@=\dimen110
\lineht@=\dimen111
\@envbody=\toks18
\multlinegap=\skip44
\multlinetaggap=\skip45
\mathdisplay@stack=\toks19
LaTeX Info: Redefining \[ on input line 2858.
LaTeX Info: Redefining \] on input line 2859.
)
("C:\Program Files\LaTeX\MiKTeX 2.9\tex/latex/amscls\amsthm.sty"
Package: amsthm 2017/10/31 v2.20.4
\thm@style=\toks20
\thm@bodyfont=\toks21
\thm@headfont=\toks22
\thm@notefont=\toks23
\thm@headpunct=\toks24
\thm@preskip=\skip46
\thm@postskip=\skip47
\thm@headsep=\skip48
\dth@everypar=\toks25
)
("C:\Program Files\LaTeX\MiKTeX 2.9\tex/latex/graphics\color.sty"
Package: color 2016/07/10 v1.1e Standard LaTeX Color (DPC)

("C:\Program Files\LaTeX\MiKTeX 2.9\tex/latex/graphics-cfg\color.cfg"
File: color.cfg 2016/01/02 v1.6 sample color configuration
)
Package color Info: Driver file: pdftex.def on input line 147.

("C:\Program Files\LaTeX\MiKTeX 2.9\tex/latex/graphics-def\pdftex.def"
File: pdftex.def 2018/01/08 v1.0l Graphics/color driver for pdftex
))
("C:\Program Files\LaTeX\MiKTeX 2.9\tex/latex/outlines\outlines.sty"
Package: outlines 2012/1/23 1.1 Ch. Pecheur

("C:\Program Files\LaTeX\MiKTeX 2.9\tex/latex/base\ifthen.sty"
Package: ifthen 2014/09/29 v1.1c Standard LaTeX ifthen package (DPC)
))
("C:\Program Files\LaTeX\MiKTeX 2.9\tex/latex/cite\cite.sty"
LaTeX Info: Redefining \cite on input line 302.
LaTeX Info: Redefining \nocite on input line 332.
Package: cite 2015/02/27  v 5.5
)
("C:\Program Files\LaTeX\MiKTeX 2.9\tex/latex/subfigure\subfigure.sty"
Package: subfigure 2002/07/30 v2.1.4 subfigure package
\subfigtopskip=\skip49
\subfigcapskip=\skip50
\subfigcaptopadj=\dimen112
\subfigbottomskip=\skip51
\subfigcapmargin=\dimen113
\subfiglabelskip=\skip52
\c@subfigure=\count100
\c@lofdepth=\count101
\c@subtable=\count102
\c@lotdepth=\count103

****************************************
* Local config file subfigure.cfg used *
****************************************
("C:\Program Files\LaTeX\MiKTeX 2.9\tex/latex/subfigure\subfigure.cfg")
\subfig@top=\skip53
\subfig@bottom=\skip54
)
("C:\Program Files\LaTeX\MiKTeX 2.9\tex/latex/graphics\epsfig.sty"
Package: epsfig 2017/06/25 v1.7b (e)psfig emulation (SPQR)

("C:\Program Files\LaTeX\MiKTeX 2.9\tex/latex/graphics\graphicx.sty"
Package: graphicx 2017/06/01 v1.1a Enhanced LaTeX Graphics (DPC,SPQR)

("C:\Program Files\LaTeX\MiKTeX 2.9\tex/latex/graphics\keyval.sty"
Package: keyval 2014/10/28 v1.15 key=value parser (DPC)
\KV@toks@=\toks26
)
("C:\Program Files\LaTeX\MiKTeX 2.9\tex/latex/graphics\graphics.sty"
Package: graphics 2019/11/01 v1.3d Standard LaTeX Graphics (DPC,SPQR)

("C:\Program Files\LaTeX\MiKTeX 2.9\tex/latex/graphics\trig.sty"
Package: trig 2016/01/03 v1.10 sin cos tan (DPC)
)
("C:\Program Files\LaTeX\MiKTeX 2.9\tex/latex/graphics-cfg\graphics.cfg"
File: graphics.cfg 2016/06/04 v1.11 sample graphics configuration
)
Package graphics Info: Driver file: pdftex.def on input line 105.
)
\Gin@req@height=\dimen114
\Gin@req@width=\dimen115
)
\epsfxsize=\dimen116
\epsfysize=\dimen117
)
("C:\Program Files\LaTeX\MiKTeX 2.9\tex/latex/caption\caption.sty"
Package: caption 2020/01/03 v3.4h Customizing captions (AR)

("C:\Program Files\LaTeX\MiKTeX 2.9\tex/latex/caption\caption3.sty"
Package: caption3 2020/01/03 v1.8h caption3 kernel (AR)
Package caption3 Info: TeX engine: e-TeX on input line 61.
\captionmargin=\dimen118
\captionmargin@=\dimen119
\captionwidth=\dimen120
\caption@tempdima=\dimen121
\caption@indent=\dimen122
\caption@parindent=\dimen123
\caption@hangindent=\dimen124
Package caption Info: Standard document class detected.
)
\c@caption@flags=\count104
\c@continuedfloat=\count105
Package caption Info: subfigure package is loaded.
)
("C:\Program Files\LaTeX\MiKTeX 2.9\tex/latex/hyperref\hyperref.sty"
Package: hyperref 2020/01/14 v7.00d Hypertext links for LaTeX

("C:\Program Files\LaTeX\MiKTeX 2.9\tex/generic/ltxcmds\ltxcmds.sty"
Package: ltxcmds 2019/12/15 v1.24 LaTeX kernel commands for general use (HO)
)
("C:\Program Files\LaTeX\MiKTeX 2.9\tex/generic/iftex\iftex.sty"
Package: iftex 2019/11/07 v1.0c TeX engine tests
)
("C:\Program Files\LaTeX\MiKTeX 2.9\tex/latex/pdftexcmds\pdftexcmds.sty"
Package: pdftexcmds 2019/11/24 v0.31 Utility functions of pdfTeX for LuaTeX (HO
)

("C:\Program Files\LaTeX\MiKTeX 2.9\tex/generic/infwarerr\infwarerr.sty"
Package: infwarerr 2019/12/03 v1.5 Providing info/warning/error messages (HO)
)
Package pdftexcmds Info: \pdf@primitive is available.
Package pdftexcmds Info: \pdf@ifprimitive is available.
Package pdftexcmds Info: \pdfdraftmode found.
)
("C:\Program Files\LaTeX\MiKTeX 2.9\tex/generic/kvsetkeys\kvsetkeys.sty"
Package: kvsetkeys 2019/12/15 v1.18 Key value parser (HO)
)
("C:\Program Files\LaTeX\MiKTeX 2.9\tex/generic/kvdefinekeys\kvdefinekeys.sty"
Package: kvdefinekeys 2019-12-19 v1.6 Define keys (HO)
) ("C:\Program Files\LaTeX\MiKTeX 2.9\tex/generic/pdfescape\pdfescape.sty"
Package: pdfescape 2019/12/09 v1.15 Implements pdfTeX's escape features (HO)
)
("C:\Program Files\LaTeX\MiKTeX 2.9\tex/latex/hycolor\hycolor.sty"
Package: hycolor 2019/12/15 v1.9 Color options for hyperref/bookmark (HO)

("C:\Program Files\LaTeX\MiKTeX 2.9\tex/latex/hycolor\xcolor-patch.sty"
Package: xcolor-patch 2019/12/15 xcolor patch

("C:\Program Files\LaTeX\MiKTeX 2.9\tex/latex/oberdiek\hopatch.sty"
Package: hopatch 2016/05/16 v1.3 Wrapper for package hooks (HO)
)))
("C:\Program Files\LaTeX\MiKTeX 2.9\tex/latex/letltxmacro\letltxmacro.sty"
Package: letltxmacro 2019/12/03 v1.6 Let assignment for LaTeX macros (HO)
)
("C:\Program Files\LaTeX\MiKTeX 2.9\tex/latex/auxhook\auxhook.sty"
Package: auxhook 2019-12-17 v1.6 Hooks for auxiliary files (HO)
)
("C:\Program Files\LaTeX\MiKTeX 2.9\tex/latex/kvoptions\kvoptions.sty"
Package: kvoptions 2019/11/29 v3.13 Key value format for package options (HO)
)
\@linkdim=\dimen125
\Hy@linkcounter=\count106
\Hy@pagecounter=\count107

("C:\Program Files\LaTeX\MiKTeX 2.9\tex/latex/hyperref\pd1enc.def"
File: pd1enc.def 2020/01/14 v7.00d Hyperref: PDFDocEncoding definition (HO)
Now handling font encoding PD1 ...
... no UTF-8 mapping file for font encoding PD1
)
("C:\Program Files\LaTeX\MiKTeX 2.9\tex/generic/intcalc\intcalc.sty"
Package: intcalc 2019/12/15 v1.3 Expandable calculations with integers (HO)
)
("C:\Program Files\LaTeX\MiKTeX 2.9\tex/generic/etexcmds\etexcmds.sty"
Package: etexcmds 2019/12/15 v1.7 Avoid name clashes with e-TeX commands (HO)
)
\Hy@SavedSpaceFactor=\count108
\pdfmajorversion=\count109
Package hyperref Info: Hyper figures OFF on input line 4547.
Package hyperref Info: Link nesting OFF on input line 4552.
Package hyperref Info: Hyper index ON on input line 4555.
Package hyperref Info: Plain pages OFF on input line 4562.
Package hyperref Info: Backreferencing OFF on input line 4567.
Package hyperref Info: Implicit mode ON; LaTeX internals redefined.
Package hyperref Info: Bookmarks ON on input line 4800.
\c@Hy@tempcnt=\count110

("C:\Program Files\LaTeX\MiKTeX 2.9\tex/latex/url\url.sty"
\Urlmuskip=\muskip11
Package: url 2013/09/16  ver 3.4  Verb mode for urls, etc.
)
LaTeX Info: Redefining \url on input line 5159.
\XeTeXLinkMargin=\dimen126

("C:\Program Files\LaTeX\MiKTeX 2.9\tex/generic/bitset\bitset.sty"
Package: bitset 2019/12/09 v1.3 Handle bit-vector datatype (HO)

("C:\Program Files\LaTeX\MiKTeX 2.9\tex/generic/bigintcalc\bigintcalc.sty"
Package: bigintcalc 2019/12/15 v1.5 Expandable calculations on big integers (HO
)
))
\Fld@menulength=\count111
\Field@Width=\dimen127
\Fld@charsize=\dimen128
Package hyperref Info: Hyper figures OFF on input line 6430.
Package hyperref Info: Link nesting OFF on input line 6435.
Package hyperref Info: Hyper index ON on input line 6438.
Package hyperref Info: backreferencing OFF on input line 6445.
Package hyperref Info: Link coloring OFF on input line 6450.
Package hyperref Info: Link coloring with OCG OFF on input line 6455.
Package hyperref Info: PDF/A mode OFF on input line 6460.
LaTeX Info: Redefining \ref on input line 6500.
LaTeX Info: Redefining \pageref on input line 6504.

("C:\Program Files\LaTeX\MiKTeX 2.9\tex/generic/atbegshi\atbegshi.sty"
Package: atbegshi 2019/12/05 v1.19 At begin shipout hook (HO)
)
\Hy@abspage=\count112
\c@Item=\count113
\c@Hfootnote=\count114
)
Package hyperref Info: Driver (autodetected): hpdftex.

("C:\Program Files\LaTeX\MiKTeX 2.9\tex/latex/hyperref\hpdftex.def"
File: hpdftex.def 2020/01/14 v7.00d Hyperref driver for pdfTeX

("C:\Program Files\LaTeX\MiKTeX 2.9\tex/latex/atveryend\atveryend.sty"
Package: atveryend 2019-12-11 v1.11 Hooks at the very end of document (HO)
Package atveryend Info: \enddocument detected (standard20110627).
)
\Fld@listcount=\count115
\c@bookmark@seq@number=\count116

("C:\Program Files\LaTeX\MiKTeX 2.9\tex/latex/rerunfilecheck\rerunfilecheck.sty
"
Package: rerunfilecheck 2019/12/05 v1.9 Rerun checks for auxiliary files (HO)

("C:\Program Files\LaTeX\MiKTeX 2.9\tex/generic/uniquecounter\uniquecounter.sty
"
Package: uniquecounter 2019/12/15 v1.4 Provide unlimited unique counter (HO)
)
Package uniquecounter Info: New unique counter `rerunfilecheck' on input line 2
86.
)
\Hy@SectionHShift=\skip55
)
Package hyperref Info: Option `colorlinks' set `true' on input line 7.
 ("C:\Program Files\LaTeX\MiKTeX 2.9\tex/latex/oberdiek\stackrel.sty"
Package: stackrel 2016/05/16 v1.3 Adding subscript option to stackrel (HO)
)
("C:\Program Files\LaTeX\MiKTeX 2.9\tex/latex/natbib\natbib.sty"
Package: natbib 2010/09/13 8.31b (PWD, AO)


Package natbib Warning: The `cite' package should not be used
(natbib)                with natbib. Use option `sort' instead.

\bibhang=\skip56
\bibsep=\skip57
LaTeX Info: Redefining \cite on input line 694.
LaTeX Info: Redefining \citenum on input line 708.
\c@NAT@ctr=\count117
) ("C:\Program Files\LaTeX\MiKTeX 2.9\tex/latex/chngcntr\chngcntr.sty"
Package: chngcntr 2018/04/09 v1.1a change counter resetting
Package chngcntr Info: \counterwithout already defined.
(chngcntr)             Quitting chngcntr on input line 21.
)
("C:\Program Files\LaTeX\MiKTeX 2.9\tex/latex/apptools\apptools.sty"
Package: apptools 2012/11/28 v1.0 Tools for customizing appendices
)
(jmmle-draft.aux)
\openout1 = `jmmle-draft.aux'.

LaTeX Font Info:    Checking defaults for OML/cmm/m/it on input line 62.
LaTeX Font Info:    ... okay on input line 62.
LaTeX Font Info:    Checking defaults for T1/cmr/m/n on input line 62.
LaTeX Font Info:    ... okay on input line 62.
LaTeX Font Info:    Checking defaults for OT1/cmr/m/n on input line 62.
LaTeX Font Info:    ... okay on input line 62.
LaTeX Font Info:    Checking defaults for OMS/cmsy/m/n on input line 62.
LaTeX Font Info:    ... okay on input line 62.
LaTeX Font Info:    Checking defaults for OMX/cmex/m/n on input line 62.
LaTeX Font Info:    ... okay on input line 62.
LaTeX Font Info:    Checking defaults for U/cmr/m/n on input line 62.
LaTeX Font Info:    ... okay on input line 62.
LaTeX Font Info:    Checking defaults for PD1/pdf/m/n on input line 62.
LaTeX Font Info:    ... okay on input line 62.

("C:\Program Files\LaTeX\MiKTeX 2.9\tex/context/base/mkii\supp-pdf.mkii"
[Loading MPS to PDF converter (version 2006.09.02).]
\scratchcounter=\count118
\scratchdimen=\dimen129
\scratchbox=\box29
\nofMPsegments=\count119
\nofMParguments=\count120
\everyMPshowfont=\toks27
\MPscratchCnt=\count121
\MPscratchDim=\dimen130
\MPnumerator=\count122
\makeMPintoPDFobject=\count123
\everyMPtoPDFconversion=\toks28
) ("C:\Program Files\LaTeX\MiKTeX 2.9\tex/latex/epstopdf-pkg\epstopdf-base.sty"
Package: epstopdf-base 2020-01-24 v2.11 Base part for package epstopdf
Package epstopdf-base Info: Redefining graphics rule for `.eps' on input line 4
85.
)
Package caption Info: Begin \AtBeginDocument code.
Package caption Info: hyperref package is loaded.
Package caption Info: End \AtBeginDocument code.
\AtBeginShipoutBox=\box30
Package hyperref Info: Link coloring ON on input line 62.
 ("C:\Program Files\LaTeX\MiKTeX 2.9\tex/latex/hyperref\nameref.sty"
Package: nameref 2019/09/16 v2.46 Cross-referencing by name of section

("C:\Program Files\LaTeX\MiKTeX 2.9\tex/latex/refcount\refcount.sty"
Package: refcount 2019/12/15 v3.6 Data extraction from label references (HO)
)
("C:\Program Files\LaTeX\MiKTeX 2.9\tex/generic/gettitlestring\gettitlestring.s
ty"
Package: gettitlestring 2019/12/15 v1.6 Cleanup title references (HO)
)
\c@section@level=\count124
)
LaTeX Info: Redefining \ref on input line 62.
LaTeX Info: Redefining \pageref on input line 62.
LaTeX Info: Redefining \nameref on input line 62.
 (jmmle-draft.out) (jmmle-draft.out)
\@outlinefile=\write3
\openout3 = `jmmle-draft.out'.

\c@Theorem=\count125
\c@Example=\count126
\c@Algorithm=\count127
\c@Remark=\count128
LaTeX Font Info:    Trying to load font information for U+msa on input line 84.


("C:\Program Files\LaTeX\MiKTeX 2.9\tex/latex/amsfonts\umsa.fd"
File: umsa.fd 2013/01/14 v3.01 AMS symbols A
)
LaTeX Font Info:    Trying to load font information for U+msb on input line 84.


("C:\Program Files\LaTeX\MiKTeX 2.9\tex/latex/amsfonts\umsb.fd"
File: umsb.fd 2013/01/14 v3.01 AMS symbols B
)
LaTeX Font Info:    Trying to load font information for OMS+cmr on input line 8
4.

("C:\Program Files\LaTeX\MiKTeX 2.9\tex/latex/base\omscmr.fd"
File: omscmr.fd 2014/09/29 v2.5h Standard LaTeX font definitions
)
LaTeX Font Info:    Font shape `OMS/cmr/m/n' in size <8> not available
(Font)              Font shape `OMS/cmsy/m/n' tried instead on input line 84.
LaTeX Font Info:    Font shape `OMS/cmr/m/n' in size <6> not available
(Font)              Font shape `OMS/cmsy/m/n' tried instead on input line 84.

Overfull \hbox (2.78476pt too wide) in paragraph at lines 89--90
\OT1/cmr/bx/n/10.95 Keywords\OT1/cmr/m/n/10.95 : Data in-te-gra-tion; Gaus-sian
 Graph-i-cal Mod-els; Neigh-bor-hood se-lec-tion; Group
 []

[1

{C:/Users/subho/AppData/Local/MiKTeX/2.9/pdftex/config/pdftex.map}]
(Introduction-paper-GM.tex

Package natbib Warning: Citation `lee2016integrated' on page 2 undefined on inp
ut line 3.


Package natbib Warning: Citation `kaushik2016inhibition' on page 2 undefined on
 input line 3.


Package natbib Warning: Citation `yuan2014integrated' on page 2 undefined on in
put line 3.


Package natbib Warning: Citation `sas2018shared' on page 2 undefined on input l
ine 3.


Package natbib Warning: Citation `atzler2014integrated' on page 2 undefined on 
input line 3.


Package natbib Warning: Citation `Tomczak15' on page 2 undefined on input line 
3.


Package natbib Warning: Citation `JoycePalsson06' on page 2 undefined on input 
line 5.


Package natbib Warning: Citation `GomezCabreroEtal14' on page 2 undefined on in
put line 5.


Package natbib Warning: Citation `GligPrzulj15' on page 2 undefined on input li
ne 5.


Package natbib Warning: Citation `GligPrzulj15' on page 2 undefined on input li
ne 5.


Package natbib Warning: Citation `ZhangOuyangZhao17' on page 2 undefined on inp
ut line 5.


Package natbib Warning: Citation `LohWainwright12' on page 2 undefined on input
 line 11.


Package natbib Warning: Citation `BasuMichailidis15' on page 2 undefined on inp
ut line 11.


Package natbib Warning: Citation `BasuEtal19' on page 2 undefined on input line
 11.

<multi2layer.pdf, id=110, 408.01433pt x 179.24968pt>
File: multi2layer.pdf Graphic file (type pdf)
<use multi2layer.pdf>
Package pdftex.def Info: multi2layer.pdf  used on input line 16.
(pdftex.def)             Requested size: 408.01332pt x 179.24922pt.
[2]

Package natbib Warning: Citation `BuhlmannvandeGeer11' on page 3 undefined on i
nput line 23.


Package natbib Warning: Citation `GuoEtal11' on page 3 undefined on input line 
23.


Package natbib Warning: Citation `XieLiuValdar16' on page 3 undefined on input 
line 23.


Package natbib Warning: Citation `DanaherEtal14' on page 3 undefined on input l
ine 23.


Package natbib Warning: Citation `MaMichailidis15' on page 3 undefined on input
 line 23.


Package natbib Warning: Citation `LeeLiu12' on page 3 undefined on input line 2
4.


Package natbib Warning: Citation `CaiEtal12' on page 3 undefined on input line 
24.


Package natbib Warning: Citation `LinEtal16' on page 3 undefined on input line 
24.


Package natbib Warning: Citation `KlingEtal15' on page 3 undefined on input lin
e 27.


Package natbib Warning: Citation `ZhangOuyangZhao17' on page 3 undefined on inp
ut line 27.

[3 <./multi2layer.pdf>]

Package natbib Warning: Citation `ZhangZhang14' on page 4 undefined on input li
ne 30.


Package natbib Warning: Citation `JavanmardMontanari14' on page 4 undefined on 
input line 30.


Package natbib Warning: Citation `JavanmardMontanari18' on page 4 undefined on 
input line 30.


Package natbib Warning: Citation `vanDeGeerEtal14' on page 4 undefined on input
 line 30.


Package natbib Warning: Citation `MitraZhang16' on page 4 undefined on input li
ne 30.


Package natbib Warning: Citation `CaiLiu16' on page 4 undefined on input line 3
0.


Package natbib Warning: Citation `BelilovskyEtal16' on page 4 undefined on inpu
t line 30.


Package natbib Warning: Citation `Liu17' on page 4 undefined on input line 30.


Package natbib Warning: Citation `MaoEtal17' on page 4 undefined on input line 
30.


Package natbib Warning: Citation `LiEtal15' on page 4 undefined on input line 3
0.


LaTeX Warning: Reference `sec:secreal' on page 4 undefined on input line 39.


LaTeX Warning: Reference `sec:secreal' on page 4 undefined on input line 39.

) (JMMLE_Framework.tex [4]

Package natbib Warning: Citation `LinEtal16' on page 5 undefined on input line 
31.


Package natbib Warning: Citation `GuoEtal11' on page 5 undefined on input line 
31.


Package natbib Warning: Citation `MaMichailidis15' on page 5 undefined on input
 line 31.

<adj1.pdf, id=161, 289.08pt x 289.08pt>
File: adj1.pdf Graphic file (type pdf)
<use adj1.pdf>
Package pdftex.def Info: adj1.pdf  used on input line 40.
(pdftex.def)             Requested size: 97.75797pt x 97.75658pt.
<adj2.pdf, id=162, 289.08pt x 289.08pt>
File: adj2.pdf Graphic file (type pdf)
<use adj2.pdf>
Package pdftex.def Info: adj2.pdf  used on input line 41.
(pdftex.def)             Requested size: 97.75797pt x 97.75658pt.
<adj3.pdf, id=163, 289.08pt x 289.08pt>
File: adj3.pdf Graphic file (type pdf)
<use adj3.pdf>
Package pdftex.def Info: adj3.pdf  used on input line 42.
(pdftex.def)             Requested size: 97.75797pt x 97.75658pt.
<adj4.pdf, id=164, 289.08pt x 289.08pt>
File: adj4.pdf Graphic file (type pdf)
<use adj4.pdf>
Package pdftex.def Info: adj4.pdf  used on input line 43.
(pdftex.def)             Requested size: 97.75797pt x 97.75658pt.
[5]

Package natbib Warning: Citation `MaMichailidis15' on page 6 undefined on input
 line 55.


Package natbib Warning: Citation `MaMichailidis15' on page 6 undefined on input
 line 55.


Package natbib Warning: Citation `MeisenBuhlmann06' on page 6 undefined on inpu
t line 55.

[6 <./adj1.pdf> <./adj2.pdf> <./adj3.pdf> <./adj4.pdf>]

Package natbib Warning: Citation `LinEtal16' on page 7 undefined on input line 
97.


Package natbib Warning: Citation `LinEtal16' on page 7 undefined on input line 
106.

[7]

Package natbib Warning: Citation `DanaherEtal14' on page 8 undefined on input l
ine 162.


Package natbib Warning: Citation `LinEtal16' on page 8 undefined on input line 
162.


Package natbib Warning: Citation `MaMichailidis15' on page 8 undefined on input
 line 162.


Package natbib Warning: Citation `FoygelDrton10' on page 8 undefined on input l
ine 162.


Package natbib Warning: Citation `GaoEtal12' on page 8 undefined on input line 
162.


Package natbib Warning: Citation `KimKwonChoi12' on page 8 undefined on input l
ine 162.


Package natbib Warning: Citation `KimKwonChoi12' on page 8 undefined on input l
ine 164.


Package natbib Warning: Citation `WangKimLi13' on page 8 undefined on input lin
e 164.


Package natbib Warning: Citation `MaMichailidis15' on page 8 undefined on input
 line 164.


Package natbib Warning: Citation `FanTang13' on page 8 undefined on input line 
164.


Package natbib Warning: Citation `WangKimLi13' on page 8 undefined on input lin
e 164.

[8]

Package natbib Warning: Citation `MaMichailidis15' on page 9 undefined on input
 line 177.


! LaTeX Error: Environment theorem undefined.

See the LaTeX manual or LaTeX Companion for explanation.
Type  H <return>  for immediate help.
 ...                                              
                                                  
l.241 \begin{theorem}
                     
Your command was ignored.
Type  I <command> <return>  to replace it with another command,
or  <return>  to continue without it.

[9]

! LaTeX Error: \begin{document} ended by \end{theorem}.

See the LaTeX manual or LaTeX Companion for explanation.
Type  H <return>  for immediate help.
 ...                                              
                                                  
l.252 \end{theorem}
                   
Your command was ignored.
Type  I <command> <return>  to replace it with another command,
or  <return>  to continue without it.

[10]

! LaTeX Error: Environment theorem undefined.

See the LaTeX manual or LaTeX Companion for explanation.
Type  H <return>  for immediate help.
 ...                                              
                                                  
l.319 \begin{theorem}
                     \label{thm:thm-Theta}
Your command was ignored.
Type  I <command> <return>  to replace it with another command,
or  <return>  to continue without it.


! LaTeX Error: \begin{document} ended by \end{theorem}.

See the LaTeX manual or LaTeX Companion for explanation.
Type  H <return>  for immediate help.
 ...                                              
                                                  
l.356 \end{theorem}
                   
Your command was ignored.
Type  I <command> <return>  to replace it with another command,
or  <return>  to continue without it.


Package natbib Warning: Citation `BickelRitovTsybakov09' on page 11 undefined o
n input line 360.


Package natbib Warning: Citation `LohWainwright12' on page 11 undefined on inpu
t line 360.


Package natbib Warning: Citation `LinEtal16' on page 11 undefined on input line
 360.


Package natbib Warning: Citation `BasuMichailidis15' on page 11 undefined on in
put line 360.


Package natbib Warning: Citation `LinEtal16' on page 11 undefined on input line
 360.

[11]

! LaTeX Error: Environment theorem undefined.

See the LaTeX manual or LaTeX Companion for explanation.
Type  H <return>  for immediate help.
 ...                                              
                                                  
l.374 \begin{theorem}
                     \label{thm:thm-B}
Your command was ignored.
Type  I <command> <return>  to replace it with another command,
or  <return>  to continue without it.


! LaTeX Error: \begin{document} ended by \end{theorem}.

See the LaTeX manual or LaTeX Companion for explanation.
Type  H <return>  for immediate help.
 ...                                              
                                                  
l.408 \end{theorem}
                   
Your command was ignored.
Type  I <command> <return>  to replace it with another command,
or  <return>  to continue without it.


Package natbib Warning: Citation `BasuMichailidis15' on page 12 undefined on in
put line 411.


Package natbib Warning: Citation `LohWainwright12' on page 12 undefined on inpu
t line 411.


Package natbib Warning: Citation `RavikumarEtal11' on page 12 undefined on inpu
t line 411.


! LaTeX Error: Environment theorem undefined.

See the LaTeX manual or LaTeX Companion for explanation.
Type  H <return>  for immediate help.
 ...                                              
                                                  
l.416 \begin{theorem}
                     \label{thm:starting-values}
Your command was ignored.
Type  I <command> <return>  to replace it with another command,
or  <return>  to continue without it.

[12]

! LaTeX Error: \begin{document} ended by \end{theorem}.

See the LaTeX manual or LaTeX Companion for explanation.
Type  H <return>  for immediate help.
 ...                                              
                                                  
l.435 \end{theorem}
                   
Your command was ignored.
Type  I <command> <return>  to replace it with another command,
or  <return>  to continue without it.


! LaTeX Error: Environment corollary undefined.

See the LaTeX manual or LaTeX Companion for explanation.
Type  H <return>  for immediate help.
 ...                                              
                                                  
l.440 \begin{corollary}
                       \label{corollary:jmmle-final}
Your command was ignored.
Type  I <command> <return>  to replace it with another command,
or  <return>  to continue without it.


! LaTeX Error: \begin{document} ended by \end{corollary}.

See the LaTeX manual or LaTeX Companion for explanation.
Type  H <return>  for immediate help.
 ...                                              
                                                  
l.471 \end{corollary}
                     
Your command was ignored.
Type  I <command> <return>  to replace it with another command,
or  <return>  to continue without it.


Package natbib Warning: Citation `JavanmardMontanari14' on page 13 undefined on
 input line 474.


Package natbib Warning: Citation `LinEtal16' on page 13 undefined on input line
 474.

[13]

Package natbib Warning: Citation `LinEtal16' on page 14 undefined on input line
 479.


Package natbib Warning: Citation `MaMichailidis15' on page 14 undefined on inpu
t line 479.


Package natbib Warning: Citation `LinEtal16' on page 14 undefined on input line
 479.


Package natbib Warning: Citation `MaMichailidis15' on page 14 undefined on inpu
t line 479.

) (Testing.tex

Package natbib Warning: Citation `CaiLiu16' on page 14 undefined on input line 
3.


Package natbib Warning: Citation `Liu17' on page 14 undefined on input line 3.


Package natbib Warning: Citation `vanDeGeerEtal14' on page 14 undefined on inpu
t line 3.


Package natbib Warning: Citation `ZhangZhang14' on page 14 undefined on input l
ine 3.


Package natbib Warning: Citation `MitraZhang16' on page 14 undefined on input l
ine 3.


Package natbib Warning: Citation `ZhangZhang14' on page 14 undefined on input l
ine 18.

[14]

Package natbib Warning: Citation `MitraZhang16' on page 15 undefined on input l
ine 30.


Package natbib Warning: Citation `vanDeGeerEtal14' on page 15 undefined on inpu
t line 30.


Package natbib Warning: Citation `JavanmardMontanari14' on page 15 undefined on
 input line 30.


Package natbib Warning: Citation `ZhangZhang14' on page 15 undefined on input l
ine 39.


Package natbib Warning: Citation `ZhangZhang14' on page 15 undefined on input l
ine 41.


Package natbib Warning: Citation `JavanmardMontanari14' on page 15 undefined on
 input line 41.


Package natbib Warning: Citation `vanDeGeerEtal14' on page 15 undefined on inpu
t line 41.


Package natbib Warning: Citation `MitraZhang16' on page 15 undefined on input l
ine 41.


Package natbib Warning: Citation `ZhangZhang14' on page 15 undefined on input l
ine 41.


Package natbib Warning: Citation `JavanmardMontanari14' on page 15 undefined on
 input line 41.

[15]

Package natbib Warning: Citation `MaMichailidis15' on page 16 undefined on inpu
t line 70.


Package natbib Warning: Citation `LinEtal16' on page 16 undefined on input line
 70.


Package natbib Warning: Citation `LohWainwright12' on page 16 undefined on inpu
t line 70.


Package natbib Warning: Citation `BasuMichailidis15' on page 16 undefined on in
put line 70.


Package natbib Warning: Citation `RohdeTsybakov11' on page 16 undefined on inpu
t line 70.


Package natbib Warning: Citation `BasuEtal19' on page 16 undefined on input lin
e 70.


Package natbib Warning: Citation `StuckyVandeGeer17' on page 16 undefined on in
put line 72.


! LaTeX Error: Environment theorem undefined.

See the LaTeX manual or LaTeX Companion for explanation.
Type  H <return>  for immediate help.
 ...                                              
                                                  
l.74 \begin{theorem}
                    \label{Thm:ThmTesting}
Your command was ignored.
Type  I <command> <return>  to replace it with another command,
or  <return>  to continue without it.


! LaTeX Error: \begin{document} ended by \end{theorem}.

See the LaTeX manual or LaTeX Companion for explanation.
Type  H <return>  for immediate help.
 ...                                              
                                                  
l.93 \end{theorem}
                  
Your command was ignored.
Type  I <command> <return>  to replace it with another command,
or  <return>  to continue without it.


Package natbib Warning: Citation `MaMichailidis15' on page 16 undefined on inpu
t line 98.


! LaTeX Error: Environment corollary undefined.

See the LaTeX manual or LaTeX Companion for explanation.
Type  H <return>  for immediate help.
 ...                                              
                                                  
l.102 \begin{corollary}
                       \label{corollary:CorTesting}
Your command was ignored.
Type  I <command> <return>  to replace it with another command,
or  <return>  to continue without it.

[16]

! LaTeX Error: \begin{document} ended by \end{corollary}.

See the LaTeX manual or LaTeX Companion for explanation.
Type  H <return>  for immediate help.
 ...                                              
                                                  
l.111 \end{corollary}
                     
Your command was ignored.
Type  I <command> <return>  to replace it with another command,
or  <return>  to continue without it.


! LaTeX Error: Environment theorem undefined.

See the LaTeX manual or LaTeX Companion for explanation.
Type  H <return>  for immediate help.
 ...                                              
                                                  
l.137 \begin{theorem}
                     \label{thm:PowerThm}
Your command was ignored.
Type  I <command> <return>  to replace it with another command,
or  <return>  to continue without it.


! LaTeX Error: \begin{document} ended by \end{theorem}.

See the LaTeX manual or LaTeX Companion for explanation.
Type  H <return>  for immediate help.
 ...                                              
                                                  
l.157 \end{theorem}
                   
Your command was ignored.
Type  I <command> <return>  to replace it with another command,
or  <return>  to continue without it.


Package natbib Warning: Citation `BickelLevina08' on page 17 undefined on input
 line 159.


Package natbib Warning: Citation `CaiLiuLuo12' on page 17 undefined on input li
ne 159.

[17]

Package natbib Warning: Citation `ZhangZhang14' on page 18 undefined on input l
ine 164.


Package natbib Warning: Citation `MitraZhang16' on page 18 undefined on input l
ine 164.


Package natbib Warning: Citation `MitraZhang16' on page 18 undefined on input l
ine 164.


Package natbib Warning: Citation `LiuShao14' on page 18 undefined on input line
 220.

[18]

Package natbib Warning: Citation `LiuShao14' on page 19 undefined on input line
 238.


! LaTeX Error: Environment theorem undefined.

See the LaTeX manual or LaTeX Companion for explanation.
Type  H <return>  for immediate help.
 ...                                              
                                                  
l.240 \begin{theorem}
                     \label{thm:FDRthm}
Your command was ignored.
Type  I <command> <return>  to replace it with another command,
or  <return>  to continue without it.


! LaTeX Error: \begin{document} ended by \end{theorem}.

See the LaTeX manual or LaTeX Companion for explanation.
Type  H <return>  for immediate help.
 ...                                              
                                                  
l.256 \end{theorem}
                   
Your command was ignored.
Type  I <command> <return>  to replace it with another command,
or  <return>  to continue without it.


Package natbib Warning: Citation `LiuShao14' on page 19 undefined on input line
 259.


Package natbib Warning: Citation `Liu17' on page 19 undefined on input line 259
.


Package natbib Warning: Citation `ObozinskiEtal11' on page 19 undefined on inpu
t line 272.


Package natbib Warning: Citation `MajumdarChatterjeeStat' on page 19 undefined 
on input line 272.


Package natbib Warning: Citation `MaMichailidis15' on page 19 undefined on inpu
t line 272.

[19]

Package natbib Warning: Citation `JavanmardMontanari18' on page 20 undefined on
 input line 278.


Package natbib Warning: Citation `vanDeGeerEtal14' on page 20 undefined on inpu
t line 278.


Package natbib Warning: Citation `ZhangZhang14' on page 20 undefined on input l
ine 278.


Package natbib Warning: Citation `JavanmardMontanari14' on page 20 undefined on
 input line 278.


Package natbib Warning: Citation `Liu17' on page 20 undefined on input line 278
.


Package natbib Warning: Citation `FoygelDrton10' on page 20 undefined on input 
line 284.


Package natbib Warning: Citation `WangKimLi13' on page 20 undefined on input li
ne 284.

) (Numerical.tex [20]

Package natbib Warning: Citation `MaMichailidis15' on page 21 undefined on inpu
t line 7.

LaTeX Font Info:    Font shape `OMS/cmr/m/n' in size <10.95> not available
(Font)              Font shape `OMS/cmsy/m/n' tried instead on input line 25.
<omega-structure.pdf, id=380, 392.95808pt x 74.28754pt>
File: omega-structure.pdf Graphic file (type pdf)
<use omega-structure.pdf>
Package pdftex.def Info: omega-structure.pdf  used on input line 37.
(pdftex.def)             Requested size: 392.95712pt x 74.28734pt.
[21]
Overfull \hbox (10.1139pt too wide) detected at line 85
[]
 []


Overfull \hbox (40.25377pt too wide) in paragraph at lines 98--119
[][] 
 []


Overfull \hbox (32.95378pt too wide) in paragraph at lines 152--179
[][] 
 []


Package natbib Warning: Citation `LinEtal16' on page 22 undefined on input line
 184.


Package natbib Warning: Citation `LinEtal16' on page 22 undefined on input line
 184.


Package natbib Warning: Citation `MaMichailidis15' on page 22 undefined on inpu
t line 184.

[22 <./omega-structure.pdf>] [23]
Overfull \hbox (55.09709pt too wide) in paragraph at lines 260--295
 [][] 
 []

[24] [25]

Package natbib Warning: Citation `ZhangZhang14' on page 26 undefined on input l
ine 393.


Package natbib Warning: Citation `ref:JASA151658_WangPengLi' on page 26 undefin
ed on input line 393.


Package natbib Warning: Citation `aispu' on page 26 undefined on input line 393
.


Package natbib Warning: Citation `LinEtal16' on page 26 undefined on input line
 399.

[26]

Package natbib Warning: Citation `ZouLi08' on page 27 undefined on input line 4
56.


Package natbib Warning: Citation `Taddy17' on page 27 undefined on input line 4
56.

[27]) (Discussion.tex [28]

Package natbib Warning: Citation `LinEtal16' on page 29 undefined on input line
 6.


Package natbib Warning: Citation `LinEtal16' on page 29 undefined on input line
 6.


Package natbib Warning: Citation `FanTang13' on page 29 undefined on input line
 23.


Package natbib Warning: Citation `WangKimLi13' on page 29 undefined on input li
ne 23.


Package natbib Warning: Citation `FoygelDrton10' on page 29 undefined on input 
line 23.


Package natbib Warning: Citation `GaoEtal12' on page 29 undefined on input line
 23.

[29]

Package natbib Warning: Citation `Liu17' on page 30 undefined on input line 31.



Package natbib Warning: Citation `Liu17' on page 30 undefined on input line 31.


[30]

Package natbib Warning: Citation `LinEtal16' on page 31 undefined on input line
 46.


Package natbib Warning: Citation `LiuLaffertyWasserman09' on page 31 undefined 
on input line 46.


Package natbib Warning: Citation `LinDrtonShojaie16' on page 31 undefined on in
put line 46.


Package natbib Warning: Citation `BayramEtal20' on page 31 undefined on input l
ine 46.


Package natbib Warning: Citation `KumarEtal20' on page 31 undefined on input li
ne 46.

) [31] (misc.tex

Package natbib Warning: Citation `LinEtal16' on page 32 undefined on input line
 5.


Package natbib Warning: Citation `BickelRitovTsybakov09' on page 32 undefined o
n input line 20.


Package natbib Warning: Citation `LohWainwright12' on page 32 undefined on inpu
t line 20.


Package natbib Warning: Citation `BasuMichailidis15' on page 32 undefined on in
put line 20.


Package natbib Warning: Citation `MaMichailidis15' on page 32 undefined on inpu
t line 20.


Package natbib Warning: Citation `vandeGeerBuhlmann09' on page 32 undefined on 
input line 20.


! LaTeX Error: Environment lemma undefined.

See the LaTeX manual or LaTeX Companion for explanation.
Type  H <return>  for immediate help.
 ...                                              
                                                  
l.25 \begin{lemma}
                  \label{thm:ThetaThm}
Your command was ignored.
Type  I <command> <return>  to replace it with another command,
or  <return>  to continue without it.

[32]

! LaTeX Error: \begin{proof} on input line 22 ended by \end{lemma}.

See the LaTeX manual or LaTeX Companion for explanation.
Type  H <return>  for immediate help.
 ...                                              
                                                  
l.78 \end{lemma}
                
Your command was ignored.
Type  I <command> <return>  to replace it with another command,
or  <return>  to continue without it.


! LaTeX Error: Environment lemma undefined.

See the LaTeX manual or LaTeX Companion for explanation.
Type  H <return>  for immediate help.
 ...                                              
                                                  
l.82 \begin{lemma}
                  \label{prop:ErrorRE}
Your command was ignored.
Type  I <command> <return>  to replace it with another command,
or  <return>  to continue without it.


Overfull \hbox (21.35112pt too wide) in paragraph at lines 101--103
[]\OT1/cmr/m/n/10.95 with prob-a-bil-ity $\OMS/cmsy/m/n/10.95  \OT1/cmr/m/n/10
.95 1 \OMS/cmsy/m/n/10.95   \OT1/cmr/m/n/10.95 1\OML/cmm/m/it/10.95 =p[] \OMS/c
msy/m/n/10.95   \OT1/cmr/m/n/10.95 12\OML/cmm/m/it/10.95 c[] []\OT1/cmr/m/n/10.
95 [\OMS/cmsy/m/n/10.95  \OT1/cmr/m/n/10.95 (\OML/cmm/m/it/10.95 c[] \OMS/cmsy/
m/n/10.95   \OT1/cmr/m/n/10.95 1) [](\OML/cmm/m/it/10.95 pq\OT1/cmr/m/n/10.95 )
] \OMS/cmsy/m/n/10.95   \OT1/cmr/m/n/10.95 6\OML/cmm/m/it/10.95 c[] []\OT1/cmr/
m/n/10.95 [\OMS/cmsy/m/n/10.95  \OT1/cmr/m/n/10.95 (\OML/cmm/m/it/10.95 c[] \OM
S/cmsy/m/n/10.95   \OT1/cmr/m/n/10.95 1) [](\OML/cmm/m/it/10.95 pq\OT1/cmr/m/n/
10.95 )]\OML/cmm/m/it/10.95 ; c[] >
 []


! LaTeX Error: \begin{proof} on input line 22 ended by \end{lemma}.

See the LaTeX manual or LaTeX Companion for explanation.
Type  H <return>  for immediate help.
 ...                                              
                                                  
l.116 \end{lemma}
                 
Your command was ignored.
Type  I <command> <return>  to replace it with another command,
or  <return>  to continue without it.


! LaTeX Error: Environment lemma undefined.

See the LaTeX manual or LaTeX Companion for explanation.
Type  H <return>  for immediate help.
 ...                                              
                                                  
l.126 \begin{lemma}
                   \label{thm:BetaThm}
Your command was ignored.
Type  I <command> <return>  to replace it with another command,
or  <return>  to continue without it.

[33]

! LaTeX Error: \begin{proof} on input line 121 ended by \end{lemma}.

See the LaTeX manual or LaTeX Companion for explanation.
Type  H <return>  for immediate help.
 ...                                              
                                                  
l.163 \end{lemma}
                 
Your command was ignored.
Type  I <command> <return>  to replace it with another command,
or  <return>  to continue without it.


! LaTeX Error: Environment lemma undefined.

See the LaTeX manual or LaTeX Companion for explanation.
Type  H <return>  for immediate help.
 ...                                              
                                                  
l.167 \begin{lemma}
                   \label{prop:ThmBetaRE}
Your command was ignored.
Type  I <command> <return>  to replace it with another command,
or  <return>  to continue without it.


Overfull \hbox (2.31772pt too wide) detected at line 176
\OML/cmm/m/it/10.95  [] \OT1/cmr/m/n/10.95 = [] \OML/cmm/m/it/10.95  [] [] ; [
] \OT1/cmr/m/n/10.95 = [] \OML/cmm/m/it/10.95 [] []
 []


Overfull \hbox (12.85934pt too wide) detected at line 187
\U/msb/m/n/10.95 R [] \OT1/cmr/m/n/10.95 = \OML/cmm/m/it/10.95 c[] []
 []


! LaTeX Error: \begin{proof} on input line 121 ended by \end{lemma}.

See the LaTeX manual or LaTeX Companion for explanation.
Type  H <return>  for immediate help.
 ...                                              
                                                  
l.190 \end{lemma}
                 
Your command was ignored.
Type  I <command> <return>  to replace it with another command,
or  <return>  to continue without it.

[34]

Package natbib Warning: Citation `LinEtal16' on page 35 undefined on input line
 196.


! LaTeX Error: Environment lemma undefined.

See the LaTeX manual or LaTeX Companion for explanation.
Type  H <return>  for immediate help.
 ...                                              
                                                  
l.344 \begin{lemma}
                   \label{Lemma:ThmTestingLemma}
Your command was ignored.
Type  I <command> <return>  to replace it with another command,
or  <return>  to continue without it.

[35]

! LaTeX Error: \begin{proof} on input line 283 ended by \end{lemma}.

See the LaTeX manual or LaTeX Companion for explanation.
Type  H <return>  for immediate help.
 ...                                              
                                                  
l.372 \end{lemma}
                 
Your command was ignored.
Type  I <command> <return>  to replace it with another command,
or  <return>  to continue without it.


! LaTeX Error: Environment lemma undefined.

See the LaTeX manual or LaTeX Companion for explanation.
Type  H <return>  for immediate help.
 ...                                              
                                                  
l.386 \begin{lemma}
                   \label{Lemma:PowerThmLemma}
Your command was ignored.
Type  I <command> <return>  to replace it with another command,
or  <return>  to continue without it.


! LaTeX Error: \begin{proof} on input line 377 ended by \end{lemma}.

See the LaTeX manual or LaTeX Companion for explanation.
Type  H <return>  for immediate help.
 ...                                              
                                                  
l.397 \end{lemma}
                 
Your command was ignored.
Type  I <command> <return>  to replace it with another command,
or  <return>  to continue without it.


! LaTeX Error: Environment lemma undefined.

See the LaTeX manual or LaTeX Companion for explanation.
Type  H <return>  for immediate help.
 ...                                              
                                                  
l.402 \begin{lemma}
                   \label{lemma:omega-diff}
Your command was ignored.
Type  I <command> <return>  to replace it with another command,
or  <return>  to continue without it.


! LaTeX Error: \begin{proof} on input line 377 ended by \end{lemma}.

See the LaTeX manual or LaTeX Companion for explanation.
Type  H <return>  for immediate help.
 ...                                              
                                                  
l.408 \end{lemma}
                 
Your command was ignored.
Type  I <command> <return>  to replace it with another command,
or  <return>  to continue without it.

[36]

! LaTeX Error: Environment lemma undefined.

See the LaTeX manual or LaTeX Companion for explanation.
Type  H <return>  for immediate help.
 ...                                              
                                                  
l.446 \begin{lemma}
                   \label{Lemma:PowerThmLemma2}
Your command was ignored.
Type  I <command> <return>  to replace it with another command,
or  <return>  to continue without it.


! LaTeX Error: \begin{proof} on input line 377 ended by \end{lemma}.

See the LaTeX manual or LaTeX Companion for explanation.
Type  H <return>  for immediate help.
 ...                                              
                                                  
l.454 \end{lemma}
                 
Your command was ignored.
Type  I <command> <return>  to replace it with another command,
or  <return>  to continue without it.


Package natbib Warning: Citation `LiuShao14' on page 37 undefined on input line
 473.


Package natbib Warning: Citation `LiuShao14' on page 37 undefined on input line
 473.


Package natbib Warning: Citation `LiuShao14' on page 37 undefined on input line
 479.

[37]) (Proofs.tex

Package natbib Warning: Citation `MaMichailidis15' on page 38 undefined on inpu
t line 4.


Overfull \hbox (25.55247pt too wide) detected at line 34
[] [] \OMS/cmsy/m/n/10.95 k\OT1/cmr/m/n/10.95 (\OT1/cmr/bx/n/10.95 Y[] \OMS/cms
y/m/n/10.95   \OT1/cmr/bx/n/10.95 X[][]\OT1/cmr/m/n/10.95 )[]\OMS/cmsy/m/n/10.9
5 k[] \OT1/cmr/m/n/10.95 + \OML/cmm/m/it/10.95 [] [] \OMS/cmsy/m/n/10.95 k[]k 
 [] [] k\OT1/cmr/m/n/10.95 (\OT1/cmr/bx/n/10.95 Y[] \OMS/cmsy/m/n/10.95   \OT1
/cmr/bx/n/10.95 X[][]\OT1/cmr/m/n/10.95 )\OT1/cmr/bx/n/10.95 T[]\OMS/cmsy/m/n/1
0.95 k[] \OT1/cmr/m/n/10.95 + \OML/cmm/m/it/10.95 [] [] \OMS/cmsy/m/n/10.95 k\
OT1/cmr/bx/n/10.95 T[]\OMS/cmsy/m/n/10.95 k
 []

[38]
Overfull \hbox (1.97311pt too wide) detected at line 59
[]
 []


Overfull \hbox (40.3196pt too wide) detected at line 69
[]
 []


Overfull \hbox (7.3078pt too wide) detected at line 77
[] \OMS/cmsy/m/n/10.95 k\OT1/cmr/bx/n/10.95 d[]\OMS/cmsy/m/n/10.95 k  \OT1/cmr
/m/n/10.95 3 [] \OMS/cmsy/m/n/10.95 k\OT1/cmr/bx/n/10.95 d[]\OMS/cmsy/m/n/10.95
 k  ) [] k\OT1/cmr/bx/n/10.95 d[]\OMS/cmsy/m/n/10.95 k  \OT1/cmr/m/n/10.95 4 [
] \OMS/cmsy/m/n/10.95 k\OT1/cmr/bx/n/10.95 d[]\OMS/cmsy/m/n/10.95 k  \OT1/cmr/
m/n/10.95 4[]\OMS/cmsy/m/n/10.95 k\OT1/cmr/bx/n/10.95 D[]\OMS/cmsy/m/n/10.95 k[
]
 []


Overfull \hbox (29.32535pt too wide) detected at line 86
[]\OT1/cmr/m/n/10.95 (\OT1/cmr/bx/n/10.95 d[]\OT1/cmr/m/n/10.95 )[][]\OT1/cmr/b
x/n/10.95 d[] \OMS/cmsy/m/n/10.95  [] []  \OML/cmm/m/it/10.95  \OMS/cmsy/m/n/
10.95 k\OT1/cmr/bx/n/10.95 D[]\OMS/cmsy/m/n/10.95 k[]   \OML/cmm/m/it/10.95 \O
MS/cmsy/m/n/10.95 k\OT1/cmr/bx/n/10.95 D[]\OMS/cmsy/m/n/10.95 k[]  \OT1/cmr/m/
n/10.95 (\OML/cmm/m/it/10.95   \OMS/cmsy/m/n/10.95   \OML/cmm/m/it/10.95 Kq\OT
1/cmr/m/n/10.95 )\OMS/cmsy/m/n/10.95 k\OT1/cmr/bx/n/10.95 D[]\OMS/cmsy/m/n/10.9
5 k[]  []k\OT1/cmr/bx/n/10.95 D[]\OMS/cmsy/m/n/10.95 k[]
 []

[39]

Package natbib Warning: Citation `MaMichailidis15' on page 40 undefined on inpu
t line 135.

[40]

Package natbib Warning: Citation `MaMichailidis15' on page 41 undefined on inpu
t line 158.


! LaTeX Error: Environment lemma undefined.

See the LaTeX manual or LaTeX Companion for explanation.
Type  H <return>  for immediate help.
 ...                                              
                                                  
l.199 \begin{lemma}
                   \label{lemma:ErrorRElemma1}
Your command was ignored.
Type  I <command> <return>  to replace it with another command,
or  <return>  to continue without it.


! LaTeX Error: \begin{proof} on input line 168 ended by \end{lemma}.

See the LaTeX manual or LaTeX Companion for explanation.
Type  H <return>  for immediate help.
 ...                                              
                                                  
l.207 \end{lemma}
                 
Your command was ignored.
Type  I <command> <return>  to replace it with another command,
or  <return>  to continue without it.


! LaTeX Error: Environment lemma undefined.

See the LaTeX manual or LaTeX Companion for explanation.
Type  H <return>  for immediate help.
 ...                                              
                                                  
l.227 \begin{lemma}
                   \label{lemma:ErrorRElemma2}
Your command was ignored.
Type  I <command> <return>  to replace it with another command,
or  <return>  to continue without it.

[41]

! LaTeX Error: \begin{proof} on input line 168 ended by \end{lemma}.

See the LaTeX manual or LaTeX Companion for explanation.
Type  H <return>  for immediate help.
 ...                                              
                                                  
l.234 \end{lemma}
                 
Your command was ignored.
Type  I <command> <return>  to replace it with another command,
or  <return>  to continue without it.

[42]

Package natbib Warning: Citation `RavikumarEtal11' on page 43 undefined on inpu
t line 294.


Overfull \hbox (14.67491pt too wide) detected at line 305
[][] \OMS/cmsy/m/n/10.95  [] \OT1/cmr/m/n/10.95 + [] \OML/cmm/m/it/10.95 [] \
OT1/cmr/m/n/10.95 = \OML/cmm/m/it/10.95 V[]\OT1/cmr/m/n/10.95 ;  \OML/cmm/m/it/
10.95 c[] \OT1/cmr/m/n/10.95 = [][]
 []


Package natbib Warning: Citation `LinEtal16' on page 43 undefined on input line
 353.

[43]

Package natbib Warning: Citation `LinEtal16' on page 44 undefined on input line
 355.


Package natbib Warning: Citation `RavikumarEtal11' on page 44 undefined on inpu
t line 396.

[44]

Package natbib Warning: Citation `RavikumarEtal11' on page 45 undefined on inpu
t line 455.

[45]

Package natbib Warning: Citation `Bellman68' on page 46 undefined on input line
 466.


Package natbib Warning: Citation `Varah75' on page 46 undefined on input line 5
19.


Package natbib Warning: Citation `BickelLevina08' on page 46 undefined on input
 line 525.

[46]

Package natbib Warning: Citation `LinEtal16' on page 47 undefined on input line
 542.


Package natbib Warning: Citation `LinEtal16' on page 47 undefined on input line
 546.

)
No file jmmle-draft.bbl.

Package natbib Warning: There were undefined citations.

Package atveryend Info: Empty hook `BeforeClearDocument' on input line 114.
[47]
Package atveryend Info: Empty hook `AfterLastShipout' on input line 114.
 (jmmle-draft.aux)
Package atveryend Info: Executing hook `AtVeryEndDocument' on input line 114.
Package atveryend Info: Executing hook `AtEndAfterFileList' on input line 114.
Package rerunfilecheck Info: File `jmmle-draft.out' has not changed.
(rerunfilecheck)             Checksum: 24798927D75A8C18B110E826BAEBA2A0;1618.


LaTeX Warning: There were undefined references.

Package atveryend Info: Empty hook `AtVeryVeryEnd' on input line 114.
 ) 
Here is how much of TeX's memory you used:
 8704 strings out of 492448
 128012 string characters out of 3126939
 232739 words of memory out of 3000000
 12699 multiletter control sequences out of 15000+200000
 18974 words of font info for 72 fonts, out of 3000000 for 9000
 1141 hyphenation exceptions out of 8191
 41i,17n,42p,1902b,410s stack positions out of 5000i,500n,10000p,200000b,50000s
<C:/Program Files/LaTeX/MiKTeX 2.9/fonts/type1/public/amsfonts/cm/cmbx10.pfb>
<C:/Program Files/LaTeX/MiKTeX 2.9/fonts/type1/public/amsfonts/cm/cmbx12.pfb><C
:/Program Files/LaTeX/MiKTeX 2.9/fonts/type1/public/amsfonts/cm/cmbx8.pfb><C:/P
rogram Files/LaTeX/MiKTeX 2.9/fonts/type1/public/amsfonts/cm/cmex10.pfb><C:/Pro
gram Files/LaTeX/MiKTeX 2.9/fonts/type1/public/amsfonts/cmextra/cmex8.pfb><C:/P
rogram Files/LaTeX/MiKTeX 2.9/fonts/type1/public/amsfonts/cm/cmmi10.pfb><C:/Pro
gram Files/LaTeX/MiKTeX 2.9/fonts/type1/public/amsfonts/cm/cmmi6.pfb><C:/Progra
m Files/LaTeX/MiKTeX 2.9/fonts/type1/public/amsfonts/cm/cmmi7.pfb><C:/Program F
iles/LaTeX/MiKTeX 2.9/fonts/type1/public/amsfonts/cm/cmmi8.pfb><C:/Program File
s/LaTeX/MiKTeX 2.9/fonts/type1/public/amsfonts/cm/cmmib10.pfb><C:/Program Files
/LaTeX/MiKTeX 2.9/fonts/type1/public/amsfonts/cmextra/cmmib8.pfb><C:/Program Fi
les/LaTeX/MiKTeX 2.9/fonts/type1/public/amsfonts/cm/cmr10.pfb><C:/Program Files
/LaTeX/MiKTeX 2.9/fonts/type1/public/amsfonts/cm/cmr12.pfb><C:/Program Files/La
TeX/MiKTeX 2.9/fonts/type1/public/amsfonts/cm/cmr17.pfb><C:/Program Files/LaTeX
/MiKTeX 2.9/fonts/type1/public/amsfonts/cm/cmr6.pfb><C:/Program Files/LaTeX/MiK
TeX 2.9/fonts/type1/public/amsfonts/cm/cmr7.pfb><C:/Program Files/LaTeX/MiKTeX 
2.9/fonts/type1/public/amsfonts/cm/cmr8.pfb><C:/Program Files/LaTeX/MiKTeX 2.9/
fonts/type1/public/amsfonts/cm/cmr9.pfb><C:/Program Files/LaTeX/MiKTeX 2.9/font
s/type1/public/amsfonts/cm/cmsy10.pfb><C:/Program Files/LaTeX/MiKTeX 2.9/fonts/
type1/public/amsfonts/cm/cmsy5.pfb><C:/Program Files/LaTeX/MiKTeX 2.9/fonts/typ
e1/public/amsfonts/cm/cmsy6.pfb><C:/Program Files/LaTeX/MiKTeX 2.9/fonts/type1/
public/amsfonts/cm/cmsy7.pfb><C:/Program Files/LaTeX/MiKTeX 2.9/fonts/type1/pub
lic/amsfonts/cm/cmsy8.pfb><C:/Program Files/LaTeX/MiKTeX 2.9/fonts/type1/public
/amsfonts/cm/cmti10.pfb><C:/Program Files/LaTeX/MiKTeX 2.9/fonts/type1/public/a
msfonts/cm/cmtt10.pfb><C:/Program Files/LaTeX/MiKTeX 2.9/fonts/type1/public/ams
fonts/cm/cmtt9.pfb><C:/Program Files/LaTeX/MiKTeX 2.9/fonts/type1/public/amsfon
ts/symbols/msam10.pfb><C:/Program Files/LaTeX/MiKTeX 2.9/fonts/type1/public/ams
fonts/symbols/msbm10.pfb>
Output written on jmmle-draft.pdf (47 pages, 633460 bytes).
PDF statistics:
 816 PDF objects out of 1000 (max. 8388607)
 176 named destinations out of 1000 (max. 500000)
 215 words of extra memory for PDF output out of 10000 (max. 10000000)

