\BOOKMARK [1][-]{section.1}{Introduction}{}% 1
\BOOKMARK [2][-]{subsection.1.1}{Organization of paper}{section.1}% 2
\BOOKMARK [2][-]{subsection.1.2}{Notations}{section.1}% 3
\BOOKMARK [1][-]{section.2}{The Joint Multiple Multilevel Estimation Framework}{}% 4
\BOOKMARK [2][-]{subsection.2.1}{Formulation}{section.2}% 5
\BOOKMARK [2][-]{subsection.2.2}{Algorithm}{section.2}% 6
\BOOKMARK [3][-]{subsubsection.2.2.1}{Alternating algorithm}{subsection.2.2}% 7
\BOOKMARK [3][-]{subsubsection.2.2.2}{Tuning parameter selection}{subsection.2.2}% 8
\BOOKMARK [2][-]{subsection.2.3}{Properties of JMMLE estimators}{section.2}% 9
\BOOKMARK [1][-]{section.3}{Hypothesis testing in multilayer models}{}% 10
\BOOKMARK [2][-]{subsection.3.1}{Debiased estimators and asymptotic normality}{section.3}% 11
\BOOKMARK [2][-]{subsection.3.2}{Test formulation}{section.3}% 12
\BOOKMARK [2][-]{subsection.3.3}{Control of False Discovery Rate}{section.3}% 13
\BOOKMARK [1][-]{section.4}{Numerical performance}{}% 14
\BOOKMARK [2][-]{subsection.4.1}{Simulation 1: estimation}{section.4}% 15
\BOOKMARK [3][-]{subsubsection.4.1.1}{Effect of heterogeneity}{subsection.4.1}% 16
\BOOKMARK [2][-]{subsection.4.2}{Simulation 2: testing}{section.4}% 17
\BOOKMARK [2][-]{subsection.4.3}{Computation}{section.4}% 18
\BOOKMARK [1][-]{section.5}{Discussion}{}% 19
\BOOKMARK [1][-]{appendix.A}{Misc}{}% 20
\BOOKMARK [1][-]{appendix.B}{Proofs}{}% 21
\BOOKMARK [1][-]{appendix.C}{Proof of auxiliary results}{}% 22
